{"C:\\Users\\seiya\\OneDrive\\Documents\\Github\\SkillDraft\\Backend\\src\\controllers\\auth.controller.ts": {"path":"C:\\Users\\seiya\\OneDrive\\Documents\\Github\\SkillDraft\\Backend\\src\\controllers\\auth.controller.ts","statementMap":{"0":{"start":{"line":2,"column":0},"end":{"line":2,"column":34}},"1":{"start":{"line":3,"column":0},"end":{"line":3,"column":29}},"2":{"start":{"line":4,"column":12},"end":{"line":4,"column":35}},"3":{"start":{"line":7,"column":25},"end":{"line":46,"column":null}},"4":{"start":{"line":7,"column":63},"end":{"line":46,"column":null}},"5":{"start":{"line":8,"column":13},"end":{"line":8,"column":26}},"6":{"start":{"line":9,"column":21},"end":{"line":9,"column":39}},"7":{"start":{"line":11,"column":2},"end":{"line":13,"column":3}},"8":{"start":{"line":12,"column":4},"end":{"line":12,"column":null}},"9":{"start":{"line":15,"column":2},"end":{"line":45,"column":3}},"10":{"start":{"line":16,"column":17},"end":{"line":16,"column":21}},"11":{"start":{"line":18,"column":4},"end":{"line":22,"column":5}},"12":{"start":{"line":19,"column":6},"end":{"line":19,"column":null}},"13":{"start":{"line":21,"column":6},"end":{"line":21,"column":null}},"14":{"start":{"line":24,"column":4},"end":{"line":28,"column":5}},"15":{"start":{"line":25,"column":6},"end":{"line":27,"column":null}},"16":{"start":{"line":30,"column":18},"end":{"line":35,"column":null}},"17":{"start":{"line":38,"column":4},"end":{"line":38,"column":null}},"18":{"start":{"line":41,"column":6},"end":{"line":41,"column":74}},"19":{"start":{"line":42,"column":4},"end":{"line":44,"column":null}},"20":{"start":{"line":7,"column":13},"end":{"line":7,"column":25}},"21":{"start":{"line":49,"column":21},"end":{"line":111,"column":null}},"22":{"start":{"line":49,"column":59},"end":{"line":111,"column":null}},"23":{"start":{"line":50,"column":37},"end":{"line":50,"column":45}},"24":{"start":{"line":51,"column":21},"end":{"line":51,"column":39}},"25":{"start":{"line":53,"column":2},"end":{"line":67,"column":3}},"26":{"start":{"line":54,"column":4},"end":{"line":58,"column":5}},"27":{"start":{"line":55,"column":6},"end":{"line":57,"column":null}},"28":{"start":{"line":59,"column":9},"end":{"line":67,"column":3}},"29":{"start":{"line":60,"column":4},"end":{"line":64,"column":5}},"30":{"start":{"line":61,"column":6},"end":{"line":63,"column":null}},"31":{"start":{"line":66,"column":4},"end":{"line":66,"column":null}},"32":{"start":{"line":69,"column":2},"end":{"line":110,"column":3}},"33":{"start":{"line":70,"column":17},"end":{"line":70,"column":21}},"34":{"start":{"line":72,"column":4},"end":{"line":82,"column":5}},"35":{"start":{"line":73,"column":6},"end":{"line":75,"column":null}},"36":{"start":{"line":77,"column":6},"end":{"line":81,"column":null}},"37":{"start":{"line":84,"column":4},"end":{"line":88,"column":5}},"38":{"start":{"line":85,"column":6},"end":{"line":87,"column":null}},"39":{"start":{"line":90,"column":26},"end":{"line":90,"column":73}},"40":{"start":{"line":91,"column":4},"end":{"line":93,"column":5}},"41":{"start":{"line":92,"column":6},"end":{"line":92,"column":null}},"42":{"start":{"line":95,"column":18},"end":{"line":100,"column":null}},"43":{"start":{"line":103,"column":4},"end":{"line":103,"column":null}},"44":{"start":{"line":106,"column":6},"end":{"line":106,"column":74}},"45":{"start":{"line":107,"column":4},"end":{"line":109,"column":null}},"46":{"start":{"line":49,"column":13},"end":{"line":49,"column":21}},"47":{"start":{"line":114,"column":30},"end":{"line":184,"column":null}},"48":{"start":{"line":114,"column":68},"end":{"line":184,"column":null}},"49":{"start":{"line":115,"column":21},"end":{"line":115,"column":39}},"50":{"start":{"line":116,"column":49},"end":{"line":116,"column":57}},"51":{"start":{"line":116,"column":35},"end":{"line":116,"column":40}},"52":{"start":{"line":116,"column":44},"end":{"line":116,"column":49}},"53":{"start":{"line":118,"column":2},"end":{"line":122,"column":3}},"54":{"start":{"line":119,"column":4},"end":{"line":121,"column":null}},"55":{"start":{"line":124,"column":2},"end":{"line":183,"column":3}},"56":{"start":{"line":125,"column":25},"end":{"line":125,"column":29}},"57":{"start":{"line":126,"column":4},"end":{"line":138,"column":5}},"58":{"start":{"line":127,"column":6},"end":{"line":131,"column":null}},"59":{"start":{"line":133,"column":6},"end":{"line":137,"column":null}},"60":{"start":{"line":140,"column":4},"end":{"line":146,"column":5}},"61":{"start":{"line":141,"column":6},"end":{"line":145,"column":null}},"62":{"start":{"line":149,"column":27},"end":{"line":149,"column":58}},"63":{"start":{"line":150,"column":20},"end":{"line":150,"column":24}},"64":{"start":{"line":152,"column":4},"end":{"line":174,"column":5}},"65":{"start":{"line":153,"column":6},"end":{"line":162,"column":null}},"66":{"start":{"line":164,"column":6},"end":{"line":173,"column":null}},"67":{"start":{"line":176,"column":4},"end":{"line":176,"column":null}},"68":{"start":{"line":179,"column":6},"end":{"line":179,"column":74}},"69":{"start":{"line":180,"column":4},"end":{"line":182,"column":null}},"70":{"start":{"line":114,"column":13},"end":{"line":114,"column":30}}},"fnMap":{"0":{"name":"(anonymous_9)","decl":{"start":{"line":7,"column":25},"end":{"line":7,"column":32}},"loc":{"start":{"line":7,"column":63},"end":{"line":46,"column":null}}},"1":{"name":"(anonymous_10)","decl":{"start":{"line":7,"column":63},"end":{"line":7,"column":null}},"loc":{"start":{"line":7,"column":63},"end":{"line":46,"column":1}}},"2":{"name":"(anonymous_11)","decl":{"start":{"line":49,"column":21},"end":{"line":49,"column":28}},"loc":{"start":{"line":49,"column":59},"end":{"line":111,"column":null}}},"3":{"name":"(anonymous_12)","decl":{"start":{"line":49,"column":59},"end":{"line":49,"column":null}},"loc":{"start":{"line":49,"column":59},"end":{"line":111,"column":1}}},"4":{"name":"(anonymous_13)","decl":{"start":{"line":114,"column":30},"end":{"line":114,"column":37}},"loc":{"start":{"line":114,"column":68},"end":{"line":184,"column":null}}},"5":{"name":"(anonymous_14)","decl":{"start":{"line":114,"column":68},"end":{"line":114,"column":null}},"loc":{"start":{"line":114,"column":68},"end":{"line":184,"column":1}}}},"branchMap":{"0":{"loc":{"start":{"line":11,"column":2},"end":{"line":13,"column":3}},"type":"if","locations":[{"start":{"line":11,"column":2},"end":{"line":13,"column":3}}]},"1":{"loc":{"start":{"line":18,"column":4},"end":{"line":22,"column":5}},"type":"if","locations":[{"start":{"line":18,"column":4},"end":{"line":22,"column":5}},{"start":{"line":20,"column":11},"end":{"line":22,"column":5}}]},"2":{"loc":{"start":{"line":24,"column":4},"end":{"line":28,"column":5}},"type":"if","locations":[{"start":{"line":24,"column":4},"end":{"line":28,"column":5}}]},"3":{"loc":{"start":{"line":27,"column":28},"end":{"line":27,"column":48}},"type":"binary-expr","locations":[{"start":{"line":27,"column":28},"end":{"line":27,"column":38}},{"start":{"line":27,"column":42},"end":{"line":27,"column":48}}]},"4":{"loc":{"start":{"line":31,"column":29},"end":{"line":31,"column":49}},"type":"binary-expr","locations":[{"start":{"line":31,"column":29},"end":{"line":31,"column":39}},{"start":{"line":31,"column":43},"end":{"line":31,"column":49}}]},"5":{"loc":{"start":{"line":41,"column":6},"end":{"line":41,"column":74}},"type":"cond-expr","locations":[{"start":{"line":41,"column":31},"end":{"line":41,"column":44}},{"start":{"line":41,"column":47},"end":{"line":41,"column":74}}]},"6":{"loc":{"start":{"line":53,"column":2},"end":{"line":67,"column":3}},"type":"if","locations":[{"start":{"line":53,"column":2},"end":{"line":67,"column":3}},{"start":{"line":59,"column":9},"end":{"line":67,"column":3}}]},"7":{"loc":{"start":{"line":54,"column":4},"end":{"line":58,"column":5}},"type":"if","locations":[{"start":{"line":54,"column":4},"end":{"line":58,"column":5}}]},"8":{"loc":{"start":{"line":54,"column":8},"end":{"line":54,"column":37}},"type":"binary-expr","locations":[{"start":{"line":54,"column":8},"end":{"line":54,"column":14}},{"start":{"line":54,"column":18},"end":{"line":54,"column":27}},{"start":{"line":54,"column":31},"end":{"line":54,"column":37}}]},"9":{"loc":{"start":{"line":59,"column":9},"end":{"line":67,"column":3}},"type":"if","locations":[{"start":{"line":59,"column":9},"end":{"line":67,"column":3}},{"start":{"line":65,"column":9},"end":{"line":67,"column":3}}]},"10":{"loc":{"start":{"line":60,"column":4},"end":{"line":64,"column":5}},"type":"if","locations":[{"start":{"line":60,"column":4},"end":{"line":64,"column":5}}]},"11":{"loc":{"start":{"line":60,"column":8},"end":{"line":60,"column":27}},"type":"binary-expr","locations":[{"start":{"line":60,"column":8},"end":{"line":60,"column":14}},{"start":{"line":60,"column":18},"end":{"line":60,"column":27}}]},"12":{"loc":{"start":{"line":72,"column":4},"end":{"line":82,"column":5}},"type":"if","locations":[{"start":{"line":72,"column":4},"end":{"line":82,"column":5}},{"start":{"line":76,"column":11},"end":{"line":82,"column":5}}]},"13":{"loc":{"start":{"line":84,"column":4},"end":{"line":88,"column":5}},"type":"if","locations":[{"start":{"line":84,"column":4},"end":{"line":88,"column":5}}]},"14":{"loc":{"start":{"line":87,"column":28},"end":{"line":87,"column":48}},"type":"binary-expr","locations":[{"start":{"line":87,"column":28},"end":{"line":87,"column":38}},{"start":{"line":87,"column":42},"end":{"line":87,"column":48}}]},"15":{"loc":{"start":{"line":91,"column":4},"end":{"line":93,"column":5}},"type":"if","locations":[{"start":{"line":91,"column":4},"end":{"line":93,"column":5}}]},"16":{"loc":{"start":{"line":96,"column":29},"end":{"line":96,"column":49}},"type":"binary-expr","locations":[{"start":{"line":96,"column":29},"end":{"line":96,"column":39}},{"start":{"line":96,"column":43},"end":{"line":96,"column":49}}]},"17":{"loc":{"start":{"line":106,"column":6},"end":{"line":106,"column":74}},"type":"cond-expr","locations":[{"start":{"line":106,"column":31},"end":{"line":106,"column":44}},{"start":{"line":106,"column":47},"end":{"line":106,"column":74}}]},"18":{"loc":{"start":{"line":118,"column":2},"end":{"line":122,"column":3}},"type":"if","locations":[{"start":{"line":118,"column":2},"end":{"line":122,"column":3}}]},"19":{"loc":{"start":{"line":118,"column":6},"end":{"line":118,"column":28}},"type":"binary-expr","locations":[{"start":{"line":118,"column":6},"end":{"line":118,"column":15}},{"start":{"line":118,"column":19},"end":{"line":118,"column":28}}]},"20":{"loc":{"start":{"line":126,"column":4},"end":{"line":138,"column":5}},"type":"if","locations":[{"start":{"line":126,"column":4},"end":{"line":138,"column":5}},{"start":{"line":132,"column":11},"end":{"line":138,"column":5}}]},"21":{"loc":{"start":{"line":140,"column":4},"end":{"line":146,"column":5}},"type":"if","locations":[{"start":{"line":140,"column":4},"end":{"line":146,"column":5}}]},"22":{"loc":{"start":{"line":143,"column":10},"end":{"line":143,"column":null}},"type":"binary-expr","locations":[{"start":{"line":143,"column":10},"end":{"line":143,"column":20}},{"start":{"line":143,"column":24},"end":{"line":143,"column":null}}]},"23":{"loc":{"start":{"line":152,"column":4},"end":{"line":174,"column":5}},"type":"if","locations":[{"start":{"line":152,"column":4},"end":{"line":174,"column":5}},{"start":{"line":163,"column":11},"end":{"line":174,"column":5}}]},"24":{"loc":{"start":{"line":179,"column":6},"end":{"line":179,"column":74}},"type":"cond-expr","locations":[{"start":{"line":179,"column":31},"end":{"line":179,"column":44}},{"start":{"line":179,"column":47},"end":{"line":179,"column":74}}]}},"s":{"0":1,"1":1,"2":1,"3":1,"4":5,"5":5,"6":5,"7":5,"8":1,"9":4,"10":4,"11":4,"12":1,"13":3,"14":3,"15":1,"16":2,"17":2,"18":1,"19":1,"20":1,"21":1,"22":8,"23":8,"24":8,"25":8,"26":2,"27":1,"28":6,"29":5,"30":1,"31":1,"32":5,"33":5,"34":5,"35":1,"36":4,"37":4,"38":1,"39":3,"40":3,"41":1,"42":2,"43":2,"44":1,"45":1,"46":1,"47":1,"48":5,"49":5,"50":5,"51":5,"52":5,"53":5,"54":1,"55":4,"56":4,"57":4,"58":1,"59":3,"60":4,"61":1,"62":3,"63":2,"64":2,"65":1,"66":1,"67":2,"68":1,"69":1,"70":1},"f":{"0":5,"1":5,"2":8,"3":8,"4":5,"5":5},"b":{"0":[1],"1":[1,3],"2":[1],"3":[1,0],"4":[2,0],"5":[1,0],"6":[2,6],"7":[1],"8":[2,2,2],"9":[5,1],"10":[1],"11":[5,5],"12":[1,4],"13":[1],"14":[1,0],"15":[1],"16":[2,0],"17":[1,0],"18":[1],"19":[5,5],"20":[1,3],"21":[1],"22":[1,0],"23":[1,1],"24":[1,0]}}
,"C:\\Users\\seiya\\OneDrive\\Documents\\Github\\SkillDraft\\Backend\\src\\controllers\\convs.controller.ts": {"path":"C:\\Users\\seiya\\OneDrive\\Documents\\Github\\SkillDraft\\Backend\\src\\controllers\\convs.controller.ts","statementMap":{"0":{"start":{"line":2,"column":0},"end":{"line":2,"column":34}},"1":{"start":{"line":5,"column":26},"end":{"line":33,"column":null}},"2":{"start":{"line":5,"column":64},"end":{"line":33,"column":null}},"3":{"start":{"line":6,"column":39},"end":{"line":6,"column":47}},"4":{"start":{"line":8,"column":23},"end":{"line":17,"column":4}},"5":{"start":{"line":19,"column":2},"end":{"line":21,"column":3}},"6":{"start":{"line":20,"column":4},"end":{"line":20,"column":null}},"7":{"start":{"line":23,"column":17},"end":{"line":31,"column":4}},"8":{"start":{"line":32,"column":2},"end":{"line":32,"column":null}},"9":{"start":{"line":5,"column":13},"end":{"line":5,"column":26}},"10":{"start":{"line":36,"column":32},"end":{"line":49,"column":null}},"11":{"start":{"line":36,"column":70},"end":{"line":49,"column":null}},"12":{"start":{"line":37,"column":17},"end":{"line":37,"column":34}},"13":{"start":{"line":39,"column":24},"end":{"line":46,"column":4}},"14":{"start":{"line":48,"column":2},"end":{"line":48,"column":null}},"15":{"start":{"line":36,"column":13},"end":{"line":36,"column":32}},"16":{"start":{"line":52,"column":27},"end":{"line":69,"column":null}},"17":{"start":{"line":52,"column":65},"end":{"line":69,"column":null}},"18":{"start":{"line":53,"column":17},"end":{"line":53,"column":34}},"19":{"start":{"line":55,"column":23},"end":{"line":62,"column":4}},"20":{"start":{"line":64,"column":2},"end":{"line":66,"column":3}},"21":{"start":{"line":65,"column":4},"end":{"line":65,"column":null}},"22":{"start":{"line":68,"column":2},"end":{"line":68,"column":null}},"23":{"start":{"line":52,"column":13},"end":{"line":52,"column":27}},"24":{"start":{"line":72,"column":32},"end":{"line":82,"column":null}},"25":{"start":{"line":72,"column":70},"end":{"line":82,"column":null}},"26":{"start":{"line":73,"column":17},"end":{"line":73,"column":34}},"27":{"start":{"line":75,"column":24},"end":{"line":79,"column":4}},"28":{"start":{"line":81,"column":2},"end":{"line":81,"column":null}},"29":{"start":{"line":72,"column":13},"end":{"line":72,"column":32}},"30":{"start":{"line":85,"column":26},"end":{"line":106,"column":null}},"31":{"start":{"line":85,"column":64},"end":{"line":106,"column":null}},"32":{"start":{"line":86,"column":17},"end":{"line":86,"column":34}},"33":{"start":{"line":87,"column":39},"end":{"line":87,"column":47}},"34":{"start":{"line":89,"column":23},"end":{"line":99,"column":4}},"35":{"start":{"line":101,"column":2},"end":{"line":103,"column":3}},"36":{"start":{"line":102,"column":4},"end":{"line":102,"column":null}},"37":{"start":{"line":105,"column":2},"end":{"line":105,"column":null}},"38":{"start":{"line":85,"column":13},"end":{"line":85,"column":26}},"39":{"start":{"line":109,"column":26},"end":{"line":123,"column":null}},"40":{"start":{"line":109,"column":64},"end":{"line":123,"column":null}},"41":{"start":{"line":110,"column":17},"end":{"line":110,"column":34}},"42":{"start":{"line":112,"column":23},"end":{"line":116,"column":4}},"43":{"start":{"line":118,"column":2},"end":{"line":120,"column":3}},"44":{"start":{"line":119,"column":4},"end":{"line":119,"column":null}},"45":{"start":{"line":122,"column":2},"end":{"line":122,"column":null}},"46":{"start":{"line":109,"column":13},"end":{"line":109,"column":26}}},"fnMap":{"0":{"name":"(anonymous_7)","decl":{"start":{"line":5,"column":26},"end":{"line":5,"column":33}},"loc":{"start":{"line":5,"column":64},"end":{"line":33,"column":null}}},"1":{"name":"(anonymous_8)","decl":{"start":{"line":5,"column":64},"end":{"line":5,"column":null}},"loc":{"start":{"line":5,"column":64},"end":{"line":33,"column":1}}},"2":{"name":"(anonymous_9)","decl":{"start":{"line":36,"column":32},"end":{"line":36,"column":39}},"loc":{"start":{"line":36,"column":70},"end":{"line":49,"column":null}}},"3":{"name":"(anonymous_10)","decl":{"start":{"line":36,"column":70},"end":{"line":36,"column":null}},"loc":{"start":{"line":36,"column":70},"end":{"line":49,"column":1}}},"4":{"name":"(anonymous_11)","decl":{"start":{"line":52,"column":27},"end":{"line":52,"column":34}},"loc":{"start":{"line":52,"column":65},"end":{"line":69,"column":null}}},"5":{"name":"(anonymous_12)","decl":{"start":{"line":52,"column":65},"end":{"line":52,"column":null}},"loc":{"start":{"line":52,"column":65},"end":{"line":69,"column":1}}},"6":{"name":"(anonymous_13)","decl":{"start":{"line":72,"column":32},"end":{"line":72,"column":39}},"loc":{"start":{"line":72,"column":70},"end":{"line":82,"column":null}}},"7":{"name":"(anonymous_14)","decl":{"start":{"line":72,"column":70},"end":{"line":72,"column":null}},"loc":{"start":{"line":72,"column":70},"end":{"line":82,"column":1}}},"8":{"name":"(anonymous_15)","decl":{"start":{"line":85,"column":26},"end":{"line":85,"column":33}},"loc":{"start":{"line":85,"column":64},"end":{"line":106,"column":null}}},"9":{"name":"(anonymous_16)","decl":{"start":{"line":85,"column":64},"end":{"line":85,"column":null}},"loc":{"start":{"line":85,"column":64},"end":{"line":106,"column":1}}},"10":{"name":"(anonymous_17)","decl":{"start":{"line":109,"column":26},"end":{"line":109,"column":33}},"loc":{"start":{"line":109,"column":64},"end":{"line":123,"column":null}}},"11":{"name":"(anonymous_18)","decl":{"start":{"line":109,"column":64},"end":{"line":109,"column":null}},"loc":{"start":{"line":109,"column":64},"end":{"line":123,"column":1}}}},"branchMap":{"0":{"loc":{"start":{"line":19,"column":2},"end":{"line":21,"column":3}},"type":"if","locations":[{"start":{"line":19,"column":2},"end":{"line":21,"column":3}}]},"1":{"loc":{"start":{"line":64,"column":2},"end":{"line":66,"column":3}},"type":"if","locations":[{"start":{"line":64,"column":2},"end":{"line":66,"column":3}}]},"2":{"loc":{"start":{"line":101,"column":2},"end":{"line":103,"column":3}},"type":"if","locations":[{"start":{"line":101,"column":2},"end":{"line":103,"column":3}}]},"3":{"loc":{"start":{"line":118,"column":2},"end":{"line":120,"column":3}},"type":"if","locations":[{"start":{"line":118,"column":2},"end":{"line":120,"column":3}}]}},"s":{"0":0,"1":0,"2":0,"3":0,"4":0,"5":0,"6":0,"7":0,"8":0,"9":0,"10":0,"11":0,"12":0,"13":0,"14":0,"15":0,"16":0,"17":0,"18":0,"19":0,"20":0,"21":0,"22":0,"23":0,"24":0,"25":0,"26":0,"27":0,"28":0,"29":0,"30":0,"31":0,"32":0,"33":0,"34":0,"35":0,"36":0,"37":0,"38":0,"39":0,"40":0,"41":0,"42":0,"43":0,"44":0,"45":0,"46":0},"f":{"0":0,"1":0,"2":0,"3":0,"4":0,"5":0,"6":0,"7":0,"8":0,"9":0,"10":0,"11":0},"b":{"0":[0],"1":[0],"2":[0],"3":[0]}}
,"C:\\Users\\seiya\\OneDrive\\Documents\\Github\\SkillDraft\\Backend\\src\\controllers\\feed.controller.ts": {"path":"C:\\Users\\seiya\\OneDrive\\Documents\\Github\\SkillDraft\\Backend\\src\\controllers\\feed.controller.ts","statementMap":{"0":{"start":{"line":2,"column":0},"end":{"line":2,"column":34}},"1":{"start":{"line":5,"column":28},"end":{"line":60,"column":null}},"2":{"start":{"line":5,"column":66},"end":{"line":60,"column":null}},"3":{"start":{"line":6,"column":17},"end":{"line":6,"column":34}},"4":{"start":{"line":7,"column":17},"end":{"line":7,"column":55}},"5":{"start":{"line":8,"column":16},"end":{"line":8,"column":57}},"6":{"start":{"line":10,"column":21},"end":{"line":13,"column":4}},"7":{"start":{"line":15,"column":22},"end":{"line":15,"column":66}},"8":{"start":{"line":15,"column":47},"end":{"line":15,"column":65}},"9":{"start":{"line":16,"column":2},"end":{"line":16,"column":null}},"10":{"start":{"line":19,"column":23},"end":{"line":27,"column":4}},"11":{"start":{"line":30,"column":21},"end":{"line":34,"column":4}},"12":{"start":{"line":37,"column":19},"end":{"line":40,"column":null}},"13":{"start":{"line":38,"column":29},"end":{"line":38,"column":56}},"14":{"start":{"line":39,"column":27},"end":{"line":39,"column":52}},"15":{"start":{"line":42,"column":2},"end":{"line":44,"column":null}},"16":{"start":{"line":43,"column":14},"end":{"line":43,"column":79}},"17":{"start":{"line":46,"column":21},"end":{"line":48,"column":7}},"18":{"start":{"line":47,"column":33},"end":{"line":47,"column":51}},"19":{"start":{"line":49,"column":25},"end":{"line":49,"column":71}},"20":{"start":{"line":51,"column":4},"end":{"line":53,"column":12}},"21":{"start":{"line":55,"column":2},"end":{"line":59,"column":null}},"22":{"start":{"line":5,"column":13},"end":{"line":5,"column":28}}},"fnMap":{"0":{"name":"(anonymous_7)","decl":{"start":{"line":5,"column":28},"end":{"line":5,"column":35}},"loc":{"start":{"line":5,"column":66},"end":{"line":60,"column":null}}},"1":{"name":"(anonymous_8)","decl":{"start":{"line":5,"column":66},"end":{"line":5,"column":null}},"loc":{"start":{"line":5,"column":66},"end":{"line":60,"column":1}}},"2":{"name":"(anonymous_9)","decl":{"start":{"line":15,"column":37},"end":{"line":15,"column":43}},"loc":{"start":{"line":15,"column":47},"end":{"line":15,"column":65}}},"3":{"name":"(anonymous_10)","decl":{"start":{"line":38,"column":24},"end":{"line":38,"column":25}},"loc":{"start":{"line":38,"column":29},"end":{"line":38,"column":56}}},"4":{"name":"(anonymous_11)","decl":{"start":{"line":39,"column":22},"end":{"line":39,"column":23}},"loc":{"start":{"line":39,"column":27},"end":{"line":39,"column":52}}},"5":{"name":"(anonymous_12)","decl":{"start":{"line":43,"column":4},"end":{"line":43,"column":5}},"loc":{"start":{"line":43,"column":14},"end":{"line":43,"column":79}}},"6":{"name":"(anonymous_13)","decl":{"start":{"line":47,"column":25},"end":{"line":47,"column":29}},"loc":{"start":{"line":47,"column":33},"end":{"line":47,"column":51}}}},"branchMap":{"0":{"loc":{"start":{"line":8,"column":16},"end":{"line":8,"column":57}},"type":"binary-expr","locations":[{"start":{"line":8,"column":16},"end":{"line":8,"column":51}},{"start":{"line":8,"column":55},"end":{"line":8,"column":57}}]},"1":{"loc":{"start":{"line":46,"column":21},"end":{"line":48,"column":7}},"type":"cond-expr","locations":[{"start":{"line":47,"column":6},"end":{"line":47,"column":56}},{"start":{"line":48,"column":6},"end":{"line":48,"column":7}}]},"2":{"loc":{"start":{"line":51,"column":4},"end":{"line":53,"column":12}},"type":"cond-expr","locations":[{"start":{"line":52,"column":8},"end":{"line":52,"column":52}},{"start":{"line":53,"column":8},"end":{"line":53,"column":12}}]}},"s":{"0":1,"1":1,"2":6,"3":6,"4":6,"5":6,"6":6,"7":5,"8":2,"9":5,"10":5,"11":5,"12":5,"13":30,"14":7,"15":5,"16":49,"17":5,"18":3,"19":5,"20":5,"21":5,"22":1},"f":{"0":6,"1":6,"2":2,"3":30,"4":7,"5":49,"6":3},"b":{"0":[6,3],"1":[1,4],"2":[2,3]}}
,"C:\\Users\\seiya\\OneDrive\\Documents\\Github\\SkillDraft\\Backend\\src\\controllers\\fileUpload.controller.ts": {"path":"C:\\Users\\seiya\\OneDrive\\Documents\\Github\\SkillDraft\\Backend\\src\\controllers\\fileUpload.controller.ts","statementMap":{"0":{"start":{"line":3,"column":26},"end":{"line":17,"column":1}},"1":{"start":{"line":4,"column":2},"end":{"line":6,"column":3}},"2":{"start":{"line":5,"column":4},"end":{"line":5,"column":null}},"3":{"start":{"line":9,"column":18},"end":{"line":9,"column":84}},"4":{"start":{"line":11,"column":2},"end":{"line":16,"column":null}},"5":{"start":{"line":3,"column":13},"end":{"line":3,"column":26}}},"fnMap":{"0":{"name":"(anonymous_0)","decl":{"start":{"line":3,"column":26},"end":{"line":3,"column":27}},"loc":{"start":{"line":3,"column":43},"end":{"line":17,"column":1}}}},"branchMap":{"0":{"loc":{"start":{"line":4,"column":2},"end":{"line":6,"column":3}},"type":"if","locations":[{"start":{"line":4,"column":2},"end":{"line":6,"column":3}}]}},"s":{"0":0,"1":0,"2":0,"3":0,"4":0,"5":0},"f":{"0":0},"b":{"0":[0]}}
,"C:\\Users\\seiya\\OneDrive\\Documents\\Github\\SkillDraft\\Backend\\src\\controllers\\follow.controller.ts": {"path":"C:\\Users\\seiya\\OneDrive\\Documents\\Github\\SkillDraft\\Backend\\src\\controllers\\follow.controller.ts","statementMap":{"0":{"start":{"line":2,"column":0},"end":{"line":2,"column":34}},"1":{"start":{"line":5,"column":28},"end":{"line":38,"column":null}},"2":{"start":{"line":8,"column":19},"end":{"line":38,"column":null}},"3":{"start":{"line":9,"column":37},"end":{"line":9,"column":45}},"4":{"start":{"line":11,"column":2},"end":{"line":37,"column":3}},"5":{"start":{"line":12,"column":27},"end":{"line":17,"column":6}},"6":{"start":{"line":19,"column":4},"end":{"line":22,"column":5}},"7":{"start":{"line":20,"column":6},"end":{"line":20,"column":null}},"8":{"start":{"line":21,"column":6},"end":{"line":21,"column":12}},"9":{"start":{"line":24,"column":19},"end":{"line":29,"column":6}},"10":{"start":{"line":30,"column":4},"end":{"line":30,"column":null}},"11":{"start":{"line":33,"column":6},"end":{"line":33,"column":74}},"12":{"start":{"line":34,"column":4},"end":{"line":36,"column":null}},"13":{"start":{"line":5,"column":13},"end":{"line":5,"column":28}},"14":{"start":{"line":41,"column":28},"end":{"line":64,"column":null}},"15":{"start":{"line":44,"column":19},"end":{"line":64,"column":null}},"16":{"start":{"line":45,"column":17},"end":{"line":45,"column":30}},"17":{"start":{"line":47,"column":2},"end":{"line":63,"column":3}},"18":{"start":{"line":48,"column":22},"end":{"line":55,"column":6}},"19":{"start":{"line":56,"column":4},"end":{"line":56,"column":null}},"20":{"start":{"line":59,"column":6},"end":{"line":59,"column":74}},"21":{"start":{"line":60,"column":4},"end":{"line":62,"column":null}},"22":{"start":{"line":41,"column":13},"end":{"line":41,"column":28}},"23":{"start":{"line":67,"column":28},"end":{"line":90,"column":null}},"24":{"start":{"line":70,"column":19},"end":{"line":90,"column":null}},"25":{"start":{"line":71,"column":17},"end":{"line":71,"column":30}},"26":{"start":{"line":73,"column":2},"end":{"line":89,"column":3}},"27":{"start":{"line":74,"column":22},"end":{"line":81,"column":6}},"28":{"start":{"line":82,"column":4},"end":{"line":82,"column":null}},"29":{"start":{"line":85,"column":6},"end":{"line":85,"column":74}},"30":{"start":{"line":86,"column":4},"end":{"line":88,"column":null}},"31":{"start":{"line":67,"column":13},"end":{"line":67,"column":28}},"32":{"start":{"line":93,"column":28},"end":{"line":114,"column":null}},"33":{"start":{"line":96,"column":19},"end":{"line":114,"column":null}},"34":{"start":{"line":97,"column":37},"end":{"line":97,"column":45}},"35":{"start":{"line":99,"column":2},"end":{"line":113,"column":3}},"36":{"start":{"line":100,"column":19},"end":{"line":105,"column":6}},"37":{"start":{"line":106,"column":4},"end":{"line":106,"column":null}},"38":{"start":{"line":109,"column":6},"end":{"line":109,"column":74}},"39":{"start":{"line":110,"column":4},"end":{"line":112,"column":null}},"40":{"start":{"line":93,"column":13},"end":{"line":93,"column":28}}},"fnMap":{"0":{"name":"(anonymous_7)","decl":{"start":{"line":5,"column":28},"end":{"line":5,"column":null}},"loc":{"start":{"line":8,"column":19},"end":{"line":38,"column":null}}},"1":{"name":"(anonymous_8)","decl":{"start":{"line":8,"column":19},"end":{"line":8,"column":null}},"loc":{"start":{"line":8,"column":19},"end":{"line":38,"column":1}}},"2":{"name":"(anonymous_9)","decl":{"start":{"line":41,"column":28},"end":{"line":41,"column":null}},"loc":{"start":{"line":44,"column":19},"end":{"line":64,"column":null}}},"3":{"name":"(anonymous_10)","decl":{"start":{"line":44,"column":19},"end":{"line":44,"column":null}},"loc":{"start":{"line":44,"column":19},"end":{"line":64,"column":1}}},"4":{"name":"(anonymous_11)","decl":{"start":{"line":67,"column":28},"end":{"line":67,"column":null}},"loc":{"start":{"line":70,"column":19},"end":{"line":90,"column":null}}},"5":{"name":"(anonymous_12)","decl":{"start":{"line":70,"column":19},"end":{"line":70,"column":null}},"loc":{"start":{"line":70,"column":19},"end":{"line":90,"column":1}}},"6":{"name":"(anonymous_13)","decl":{"start":{"line":93,"column":28},"end":{"line":93,"column":null}},"loc":{"start":{"line":96,"column":19},"end":{"line":114,"column":null}}},"7":{"name":"(anonymous_14)","decl":{"start":{"line":96,"column":19},"end":{"line":96,"column":null}},"loc":{"start":{"line":96,"column":19},"end":{"line":114,"column":1}}}},"branchMap":{"0":{"loc":{"start":{"line":19,"column":4},"end":{"line":22,"column":5}},"type":"if","locations":[{"start":{"line":19,"column":4},"end":{"line":22,"column":5}}]},"1":{"loc":{"start":{"line":33,"column":6},"end":{"line":33,"column":74}},"type":"cond-expr","locations":[{"start":{"line":33,"column":31},"end":{"line":33,"column":44}},{"start":{"line":33,"column":47},"end":{"line":33,"column":74}}]},"2":{"loc":{"start":{"line":59,"column":6},"end":{"line":59,"column":74}},"type":"cond-expr","locations":[{"start":{"line":59,"column":31},"end":{"line":59,"column":44}},{"start":{"line":59,"column":47},"end":{"line":59,"column":74}}]},"3":{"loc":{"start":{"line":85,"column":6},"end":{"line":85,"column":74}},"type":"cond-expr","locations":[{"start":{"line":85,"column":31},"end":{"line":85,"column":44}},{"start":{"line":85,"column":47},"end":{"line":85,"column":74}}]},"4":{"loc":{"start":{"line":109,"column":6},"end":{"line":109,"column":74}},"type":"cond-expr","locations":[{"start":{"line":109,"column":31},"end":{"line":109,"column":44}},{"start":{"line":109,"column":47},"end":{"line":109,"column":74}}]}},"s":{"0":0,"1":0,"2":0,"3":0,"4":0,"5":0,"6":0,"7":0,"8":0,"9":0,"10":0,"11":0,"12":0,"13":0,"14":0,"15":0,"16":0,"17":0,"18":0,"19":0,"20":0,"21":0,"22":0,"23":0,"24":0,"25":0,"26":0,"27":0,"28":0,"29":0,"30":0,"31":0,"32":0,"33":0,"34":0,"35":0,"36":0,"37":0,"38":0,"39":0,"40":0},"f":{"0":0,"1":0,"2":0,"3":0,"4":0,"5":0,"6":0,"7":0},"b":{"0":[0],"1":[0,0],"2":[0,0],"3":[0,0],"4":[0,0]}}
,"C:\\Users\\seiya\\OneDrive\\Documents\\Github\\SkillDraft\\Backend\\src\\controllers\\messages.controller.ts": {"path":"C:\\Users\\seiya\\OneDrive\\Documents\\Github\\SkillDraft\\Backend\\src\\controllers\\messages.controller.ts","statementMap":{"0":{"start":{"line":2,"column":0},"end":{"line":2,"column":34}},"1":{"start":{"line":5,"column":27},"end":{"line":52,"column":null}},"2":{"start":{"line":5,"column":65},"end":{"line":52,"column":null}},"3":{"start":{"line":6,"column":38},"end":{"line":6,"column":46}},"4":{"start":{"line":7,"column":17},"end":{"line":7,"column":34}},"5":{"start":{"line":9,"column":2},"end":{"line":13,"column":3}},"6":{"start":{"line":10,"column":4},"end":{"line":12,"column":null}},"7":{"start":{"line":15,"column":2},"end":{"line":51,"column":3}},"8":{"start":{"line":16,"column":20},"end":{"line":24,"column":6}},"9":{"start":{"line":25,"column":4},"end":{"line":42,"column":null}},"10":{"start":{"line":44,"column":4},"end":{"line":44,"column":null}},"11":{"start":{"line":47,"column":6},"end":{"line":47,"column":74}},"12":{"start":{"line":48,"column":4},"end":{"line":50,"column":null}},"13":{"start":{"line":5,"column":13},"end":{"line":5,"column":27}},"14":{"start":{"line":55,"column":35},"end":{"line":79,"column":null}},"15":{"start":{"line":55,"column":73},"end":{"line":79,"column":null}},"16":{"start":{"line":56,"column":17},"end":{"line":56,"column":34}},"17":{"start":{"line":58,"column":2},"end":{"line":78,"column":3}},"18":{"start":{"line":59,"column":21},"end":{"line":69,"column":6}},"19":{"start":{"line":71,"column":4},"end":{"line":71,"column":null}},"20":{"start":{"line":74,"column":6},"end":{"line":74,"column":74}},"21":{"start":{"line":75,"column":4},"end":{"line":77,"column":null}},"22":{"start":{"line":55,"column":13},"end":{"line":55,"column":35}},"23":{"start":{"line":82,"column":30},"end":{"line":107,"column":null}},"24":{"start":{"line":82,"column":68},"end":{"line":107,"column":null}},"25":{"start":{"line":83,"column":20},"end":{"line":83,"column":40}},"26":{"start":{"line":85,"column":2},"end":{"line":106,"column":3}},"27":{"start":{"line":86,"column":20},"end":{"line":93,"column":6}},"28":{"start":{"line":95,"column":4},"end":{"line":97,"column":5}},"29":{"start":{"line":96,"column":6},"end":{"line":96,"column":null}},"30":{"start":{"line":99,"column":4},"end":{"line":99,"column":null}},"31":{"start":{"line":102,"column":6},"end":{"line":102,"column":74}},"32":{"start":{"line":103,"column":4},"end":{"line":105,"column":null}},"33":{"start":{"line":82,"column":13},"end":{"line":82,"column":30}},"34":{"start":{"line":110,"column":29},"end":{"line":128,"column":null}},"35":{"start":{"line":110,"column":67},"end":{"line":128,"column":null}},"36":{"start":{"line":111,"column":20},"end":{"line":111,"column":40}},"37":{"start":{"line":113,"column":2},"end":{"line":127,"column":3}},"38":{"start":{"line":114,"column":20},"end":{"line":118,"column":6}},"39":{"start":{"line":120,"column":4},"end":{"line":120,"column":null}},"40":{"start":{"line":123,"column":6},"end":{"line":123,"column":74}},"41":{"start":{"line":124,"column":4},"end":{"line":126,"column":null}},"42":{"start":{"line":110,"column":13},"end":{"line":110,"column":29}}},"fnMap":{"0":{"name":"(anonymous_7)","decl":{"start":{"line":5,"column":27},"end":{"line":5,"column":34}},"loc":{"start":{"line":5,"column":65},"end":{"line":52,"column":null}}},"1":{"name":"(anonymous_8)","decl":{"start":{"line":5,"column":65},"end":{"line":5,"column":null}},"loc":{"start":{"line":5,"column":65},"end":{"line":52,"column":1}}},"2":{"name":"(anonymous_9)","decl":{"start":{"line":55,"column":35},"end":{"line":55,"column":42}},"loc":{"start":{"line":55,"column":73},"end":{"line":79,"column":null}}},"3":{"name":"(anonymous_10)","decl":{"start":{"line":55,"column":73},"end":{"line":55,"column":null}},"loc":{"start":{"line":55,"column":73},"end":{"line":79,"column":1}}},"4":{"name":"(anonymous_11)","decl":{"start":{"line":82,"column":30},"end":{"line":82,"column":37}},"loc":{"start":{"line":82,"column":68},"end":{"line":107,"column":null}}},"5":{"name":"(anonymous_12)","decl":{"start":{"line":82,"column":68},"end":{"line":82,"column":null}},"loc":{"start":{"line":82,"column":68},"end":{"line":107,"column":1}}},"6":{"name":"(anonymous_13)","decl":{"start":{"line":110,"column":29},"end":{"line":110,"column":36}},"loc":{"start":{"line":110,"column":67},"end":{"line":128,"column":null}}},"7":{"name":"(anonymous_14)","decl":{"start":{"line":110,"column":67},"end":{"line":110,"column":null}},"loc":{"start":{"line":110,"column":67},"end":{"line":128,"column":1}}}},"branchMap":{"0":{"loc":{"start":{"line":9,"column":2},"end":{"line":13,"column":3}},"type":"if","locations":[{"start":{"line":9,"column":2},"end":{"line":13,"column":3}}]},"1":{"loc":{"start":{"line":9,"column":6},"end":{"line":9,"column":33}},"type":"binary-expr","locations":[{"start":{"line":9,"column":6},"end":{"line":9,"column":14}},{"start":{"line":9,"column":18},"end":{"line":9,"column":33}}]},"2":{"loc":{"start":{"line":47,"column":6},"end":{"line":47,"column":74}},"type":"cond-expr","locations":[{"start":{"line":47,"column":31},"end":{"line":47,"column":44}},{"start":{"line":47,"column":47},"end":{"line":47,"column":74}}]},"3":{"loc":{"start":{"line":74,"column":6},"end":{"line":74,"column":74}},"type":"cond-expr","locations":[{"start":{"line":74,"column":31},"end":{"line":74,"column":44}},{"start":{"line":74,"column":47},"end":{"line":74,"column":74}}]},"4":{"loc":{"start":{"line":95,"column":4},"end":{"line":97,"column":5}},"type":"if","locations":[{"start":{"line":95,"column":4},"end":{"line":97,"column":5}}]},"5":{"loc":{"start":{"line":102,"column":6},"end":{"line":102,"column":74}},"type":"cond-expr","locations":[{"start":{"line":102,"column":31},"end":{"line":102,"column":44}},{"start":{"line":102,"column":47},"end":{"line":102,"column":74}}]},"6":{"loc":{"start":{"line":123,"column":6},"end":{"line":123,"column":74}},"type":"cond-expr","locations":[{"start":{"line":123,"column":31},"end":{"line":123,"column":44}},{"start":{"line":123,"column":47},"end":{"line":123,"column":74}}]}},"s":{"0":0,"1":0,"2":0,"3":0,"4":0,"5":0,"6":0,"7":0,"8":0,"9":0,"10":0,"11":0,"12":0,"13":0,"14":0,"15":0,"16":0,"17":0,"18":0,"19":0,"20":0,"21":0,"22":0,"23":0,"24":0,"25":0,"26":0,"27":0,"28":0,"29":0,"30":0,"31":0,"32":0,"33":0,"34":0,"35":0,"36":0,"37":0,"38":0,"39":0,"40":0,"41":0,"42":0},"f":{"0":0,"1":0,"2":0,"3":0,"4":0,"5":0,"6":0,"7":0},"b":{"0":[0],"1":[0,0],"2":[0,0],"3":[0,0],"4":[0],"5":[0,0],"6":[0,0]}}
,"C:\\Users\\seiya\\OneDrive\\Documents\\Github\\SkillDraft\\Backend\\src\\controllers\\posts.controller.ts": {"path":"C:\\Users\\seiya\\OneDrive\\Documents\\Github\\SkillDraft\\Backend\\src\\controllers\\posts.controller.ts","statementMap":{"0":{"start":{"line":2,"column":0},"end":{"line":2,"column":34}},"1":{"start":{"line":5,"column":24},"end":{"line":18,"column":null}},"2":{"start":{"line":5,"column":77},"end":{"line":18,"column":null}},"3":{"start":{"line":6,"column":2},"end":{"line":17,"column":3}},"4":{"start":{"line":7,"column":25},"end":{"line":7,"column":60}},"5":{"start":{"line":8,"column":23},"end":{"line":8,"column":56}},"6":{"start":{"line":10,"column":4},"end":{"line":10,"column":null}},"7":{"start":{"line":13,"column":6},"end":{"line":13,"column":74}},"8":{"start":{"line":14,"column":4},"end":{"line":16,"column":null}},"9":{"start":{"line":5,"column":13},"end":{"line":5,"column":24}},"10":{"start":{"line":21,"column":23},"end":{"line":51,"column":null}},"11":{"start":{"line":21,"column":76},"end":{"line":51,"column":null}},"12":{"start":{"line":22,"column":17},"end":{"line":22,"column":30}},"13":{"start":{"line":24,"column":2},"end":{"line":50,"column":3}},"14":{"start":{"line":25,"column":24},"end":{"line":27,"column":6}},"15":{"start":{"line":29,"column":4},"end":{"line":32,"column":5}},"16":{"start":{"line":30,"column":6},"end":{"line":30,"column":null}},"17":{"start":{"line":31,"column":6},"end":{"line":31,"column":12}},"18":{"start":{"line":34,"column":22},"end":{"line":36,"column":6}},"19":{"start":{"line":38,"column":4},"end":{"line":41,"column":5}},"20":{"start":{"line":39,"column":6},"end":{"line":39,"column":null}},"21":{"start":{"line":40,"column":6},"end":{"line":40,"column":12}},"22":{"start":{"line":43,"column":4},"end":{"line":43,"column":null}},"23":{"start":{"line":46,"column":6},"end":{"line":46,"column":74}},"24":{"start":{"line":47,"column":4},"end":{"line":49,"column":null}},"25":{"start":{"line":21,"column":13},"end":{"line":21,"column":23}},"26":{"start":{"line":54,"column":34},"end":{"line":80,"column":null}},"27":{"start":{"line":57,"column":19},"end":{"line":80,"column":null}},"28":{"start":{"line":58,"column":19},"end":{"line":58,"column":38}},"29":{"start":{"line":60,"column":2},"end":{"line":79,"column":3}},"30":{"start":{"line":62,"column":25},"end":{"line":64,"column":6}},"31":{"start":{"line":67,"column":23},"end":{"line":69,"column":6}},"32":{"start":{"line":72,"column":4},"end":{"line":72,"column":null}},"33":{"start":{"line":75,"column":6},"end":{"line":75,"column":74}},"34":{"start":{"line":76,"column":4},"end":{"line":78,"column":null}},"35":{"start":{"line":54,"column":13},"end":{"line":54,"column":34}},"36":{"start":{"line":83,"column":26},"end":{"line":130,"column":null}},"37":{"start":{"line":83,"column":79},"end":{"line":130,"column":null}},"38":{"start":{"line":84,"column":15},"end":{"line":84,"column":33}},"39":{"start":{"line":85,"column":43},"end":{"line":85,"column":51}},"40":{"start":{"line":87,"column":16},"end":{"line":87,"column":null}},"41":{"start":{"line":91,"column":20},"end":{"line":91,"column":81}},"42":{"start":{"line":91,"column":47},"end":{"line":91,"column":74}},"43":{"start":{"line":93,"column":2},"end":{"line":129,"column":3}},"44":{"start":{"line":96,"column":4},"end":{"line":123,"column":5}},"45":{"start":{"line":97,"column":6},"end":{"line":109,"column":null}},"46":{"start":{"line":110,"column":11},"end":{"line":123,"column":5}},"47":{"start":{"line":111,"column":6},"end":{"line":119,"column":null}},"48":{"start":{"line":121,"column":6},"end":{"line":121,"column":null}},"49":{"start":{"line":122,"column":6},"end":{"line":122,"column":12}},"50":{"start":{"line":125,"column":4},"end":{"line":125,"column":null}},"51":{"start":{"line":127,"column":25},"end":{"line":127,"column":81}},"52":{"start":{"line":128,"column":4},"end":{"line":128,"column":null}},"53":{"start":{"line":83,"column":13},"end":{"line":83,"column":26}},"54":{"start":{"line":133,"column":26},"end":{"line":158,"column":2}},"55":{"start":{"line":133,"column":79},"end":{"line":158,"column":2}},"56":{"start":{"line":134,"column":17},"end":{"line":134,"column":30}},"57":{"start":{"line":136,"column":2},"end":{"line":157,"column":3}},"58":{"start":{"line":138,"column":24},"end":{"line":138,"column":86}},"59":{"start":{"line":139,"column":22},"end":{"line":139,"column":82}},"60":{"start":{"line":141,"column":4},"end":{"line":144,"column":5}},"61":{"start":{"line":142,"column":6},"end":{"line":142,"column":58}},"62":{"start":{"line":143,"column":6},"end":{"line":143,"column":13}},"63":{"start":{"line":147,"column":4},"end":{"line":151,"column":5}},"64":{"start":{"line":148,"column":6},"end":{"line":148,"column":65}},"65":{"start":{"line":150,"column":6},"end":{"line":150,"column":63}},"66":{"start":{"line":153,"column":4},"end":{"line":153,"column":55}},"67":{"start":{"line":155,"column":25},"end":{"line":155,"column":93}},"68":{"start":{"line":156,"column":4},"end":{"line":156,"column":84}},"69":{"start":{"line":133,"column":13},"end":{"line":133,"column":26}}},"fnMap":{"0":{"name":"(anonymous_7)","decl":{"start":{"line":5,"column":24},"end":{"line":5,"column":31}},"loc":{"start":{"line":5,"column":77},"end":{"line":18,"column":null}}},"1":{"name":"(anonymous_8)","decl":{"start":{"line":5,"column":77},"end":{"line":5,"column":null}},"loc":{"start":{"line":5,"column":77},"end":{"line":18,"column":1}}},"2":{"name":"(anonymous_9)","decl":{"start":{"line":21,"column":23},"end":{"line":21,"column":30}},"loc":{"start":{"line":21,"column":76},"end":{"line":51,"column":null}}},"3":{"name":"(anonymous_10)","decl":{"start":{"line":21,"column":76},"end":{"line":21,"column":null}},"loc":{"start":{"line":21,"column":76},"end":{"line":51,"column":1}}},"4":{"name":"(anonymous_11)","decl":{"start":{"line":54,"column":34},"end":{"line":54,"column":null}},"loc":{"start":{"line":57,"column":19},"end":{"line":80,"column":null}}},"5":{"name":"(anonymous_12)","decl":{"start":{"line":57,"column":19},"end":{"line":57,"column":null}},"loc":{"start":{"line":57,"column":19},"end":{"line":80,"column":1}}},"6":{"name":"(anonymous_13)","decl":{"start":{"line":83,"column":26},"end":{"line":83,"column":33}},"loc":{"start":{"line":83,"column":79},"end":{"line":130,"column":null}}},"7":{"name":"(anonymous_14)","decl":{"start":{"line":83,"column":79},"end":{"line":83,"column":null}},"loc":{"start":{"line":83,"column":79},"end":{"line":130,"column":1}}},"8":{"name":"(anonymous_15)","decl":{"start":{"line":91,"column":39},"end":{"line":91,"column":43}},"loc":{"start":{"line":91,"column":47},"end":{"line":91,"column":74}}},"9":{"name":"(anonymous_16)","decl":{"start":{"line":133,"column":26},"end":{"line":133,"column":33}},"loc":{"start":{"line":133,"column":79},"end":{"line":158,"column":2}}},"10":{"name":"(anonymous_17)","decl":{"start":{"line":133,"column":79},"end":{"line":133,"column":null}},"loc":{"start":{"line":133,"column":79},"end":{"line":158,"column":1}}}},"branchMap":{"0":{"loc":{"start":{"line":13,"column":6},"end":{"line":13,"column":74}},"type":"cond-expr","locations":[{"start":{"line":13,"column":31},"end":{"line":13,"column":44}},{"start":{"line":13,"column":47},"end":{"line":13,"column":74}}]},"1":{"loc":{"start":{"line":29,"column":4},"end":{"line":32,"column":5}},"type":"if","locations":[{"start":{"line":29,"column":4},"end":{"line":32,"column":5}}]},"2":{"loc":{"start":{"line":38,"column":4},"end":{"line":41,"column":5}},"type":"if","locations":[{"start":{"line":38,"column":4},"end":{"line":41,"column":5}}]},"3":{"loc":{"start":{"line":46,"column":6},"end":{"line":46,"column":74}},"type":"cond-expr","locations":[{"start":{"line":46,"column":31},"end":{"line":46,"column":44}},{"start":{"line":46,"column":47},"end":{"line":46,"column":74}}]},"4":{"loc":{"start":{"line":75,"column":6},"end":{"line":75,"column":74}},"type":"cond-expr","locations":[{"start":{"line":75,"column":31},"end":{"line":75,"column":44}},{"start":{"line":75,"column":47},"end":{"line":75,"column":74}}]},"5":{"loc":{"start":{"line":91,"column":20},"end":{"line":91,"column":81}},"type":"binary-expr","locations":[{"start":{"line":91,"column":20},"end":{"line":91,"column":75}},{"start":{"line":91,"column":79},"end":{"line":91,"column":81}}]},"6":{"loc":{"start":{"line":91,"column":20},"end":{"line":91,"column":75}},"type":"cond-expr","locations":[{"start":{"line":91,"column":33},"end":{"line":91,"column":35}},{"start":{"line":91,"column":33},"end":{"line":91,"column":75}}]},"7":{"loc":{"start":{"line":91,"column":20},"end":{"line":91,"column":35}},"type":"binary-expr","locations":[{"start":{"line":91,"column":20},"end":{"line":91,"column":35}},{"start":{"line":91,"column":33},"end":{"line":91,"column":35}}]},"8":{"loc":{"start":{"line":91,"column":20},"end":{"line":91,"column":33}},"type":"cond-expr","locations":[{"start":{"line":91,"column":25},"end":{"line":91,"column":27}},{"start":{"line":91,"column":20},"end":{"line":91,"column":33}}]},"9":{"loc":{"start":{"line":91,"column":20},"end":{"line":91,"column":27}},"type":"binary-expr","locations":[{"start":{"line":91,"column":20},"end":{"line":91,"column":27}},{"start":{"line":91,"column":20},"end":{"line":91,"column":27}}]},"10":{"loc":{"start":{"line":96,"column":4},"end":{"line":123,"column":5}},"type":"if","locations":[{"start":{"line":96,"column":4},"end":{"line":123,"column":5}},{"start":{"line":110,"column":11},"end":{"line":123,"column":5}}]},"11":{"loc":{"start":{"line":110,"column":11},"end":{"line":123,"column":5}},"type":"if","locations":[{"start":{"line":110,"column":11},"end":{"line":123,"column":5}},{"start":{"line":120,"column":11},"end":{"line":123,"column":5}}]},"12":{"loc":{"start":{"line":127,"column":25},"end":{"line":127,"column":81}},"type":"cond-expr","locations":[{"start":{"line":127,"column":50},"end":{"line":127,"column":63}},{"start":{"line":127,"column":66},"end":{"line":127,"column":81}}]},"13":{"loc":{"start":{"line":141,"column":4},"end":{"line":144,"column":5}},"type":"if","locations":[{"start":{"line":141,"column":4},"end":{"line":144,"column":5}}]},"14":{"loc":{"start":{"line":141,"column":8},"end":{"line":141,"column":34}},"type":"binary-expr","locations":[{"start":{"line":141,"column":8},"end":{"line":141,"column":20}},{"start":{"line":141,"column":24},"end":{"line":141,"column":34}}]},"15":{"loc":{"start":{"line":147,"column":4},"end":{"line":151,"column":5}},"type":"if","locations":[{"start":{"line":147,"column":4},"end":{"line":151,"column":5}},{"start":{"line":149,"column":11},"end":{"line":151,"column":5}}]},"16":{"loc":{"start":{"line":155,"column":25},"end":{"line":155,"column":93}},"type":"cond-expr","locations":[{"start":{"line":155,"column":50},"end":{"line":155,"column":63}},{"start":{"line":155,"column":66},"end":{"line":155,"column":93}}]}},"s":{"0":0,"1":0,"2":0,"3":0,"4":0,"5":0,"6":0,"7":0,"8":0,"9":0,"10":0,"11":0,"12":0,"13":0,"14":0,"15":0,"16":0,"17":0,"18":0,"19":0,"20":0,"21":0,"22":0,"23":0,"24":0,"25":0,"26":0,"27":0,"28":0,"29":0,"30":0,"31":0,"32":0,"33":0,"34":0,"35":0,"36":0,"37":0,"38":0,"39":0,"40":0,"41":0,"42":0,"43":0,"44":0,"45":0,"46":0,"47":0,"48":0,"49":0,"50":0,"51":0,"52":0,"53":0,"54":0,"55":0,"56":0,"57":0,"58":0,"59":0,"60":0,"61":0,"62":0,"63":0,"64":0,"65":0,"66":0,"67":0,"68":0,"69":0},"f":{"0":0,"1":0,"2":0,"3":0,"4":0,"5":0,"6":0,"7":0,"8":0,"9":0,"10":0},"b":{"0":[0,0],"1":[0],"2":[0],"3":[0,0],"4":[0,0],"5":[0,0],"6":[0,0],"7":[0,0],"8":[0,0],"9":[0,0],"10":[0,0],"11":[0,0],"12":[0,0],"13":[0],"14":[0,0],"15":[0,0],"16":[0,0]}}
,"C:\\Users\\seiya\\OneDrive\\Documents\\Github\\SkillDraft\\Backend\\src\\controllers\\team.controller.ts": {"path":"C:\\Users\\seiya\\OneDrive\\Documents\\Github\\SkillDraft\\Backend\\src\\controllers\\team.controller.ts","statementMap":{"0":{"start":{"line":2,"column":0},"end":{"line":2,"column":34}},"1":{"start":{"line":3,"column":0},"end":{"line":3,"column":29}},"2":{"start":{"line":6,"column":24},"end":{"line":17,"column":null}},"3":{"start":{"line":6,"column":77},"end":{"line":17,"column":null}},"4":{"start":{"line":7,"column":2},"end":{"line":16,"column":3}},"5":{"start":{"line":8,"column":18},"end":{"line":8,"column":46}},"6":{"start":{"line":9,"column":4},"end":{"line":9,"column":null}},"7":{"start":{"line":12,"column":6},"end":{"line":12,"column":74}},"8":{"start":{"line":13,"column":4},"end":{"line":15,"column":null}},"9":{"start":{"line":6,"column":13},"end":{"line":6,"column":24}},"10":{"start":{"line":20,"column":27},"end":{"line":44,"column":null}},"11":{"start":{"line":23,"column":19},"end":{"line":44,"column":null}},"12":{"start":{"line":24,"column":17},"end":{"line":24,"column":30}},"13":{"start":{"line":26,"column":2},"end":{"line":43,"column":3}},"14":{"start":{"line":27,"column":17},"end":{"line":29,"column":6}},"15":{"start":{"line":31,"column":4},"end":{"line":34,"column":5}},"16":{"start":{"line":32,"column":6},"end":{"line":32,"column":null}},"17":{"start":{"line":33,"column":6},"end":{"line":33,"column":12}},"18":{"start":{"line":36,"column":4},"end":{"line":36,"column":null}},"19":{"start":{"line":39,"column":6},"end":{"line":39,"column":74}},"20":{"start":{"line":40,"column":4},"end":{"line":42,"column":null}},"21":{"start":{"line":20,"column":13},"end":{"line":20,"column":27}},"22":{"start":{"line":47,"column":26},"end":{"line":99,"column":null}},"23":{"start":{"line":50,"column":19},"end":{"line":99,"column":null}},"24":{"start":{"line":51,"column":17},"end":{"line":51,"column":30}},"25":{"start":{"line":52,"column":21},"end":{"line":52,"column":29}},"26":{"start":{"line":54,"column":2},"end":{"line":98,"column":3}},"27":{"start":{"line":55,"column":49},"end":{"line":55,"column":51}},"28":{"start":{"line":57,"column":4},"end":{"line":58,"column":null}},"29":{"start":{"line":58,"column":6},"end":{"line":58,"column":null}},"30":{"start":{"line":59,"column":4},"end":{"line":60,"column":null}},"31":{"start":{"line":60,"column":6},"end":{"line":60,"column":null}},"32":{"start":{"line":61,"column":4},"end":{"line":62,"column":null}},"33":{"start":{"line":62,"column":6},"end":{"line":62,"column":null}},"34":{"start":{"line":63,"column":4},"end":{"line":64,"column":null}},"35":{"start":{"line":64,"column":6},"end":{"line":64,"column":null}},"36":{"start":{"line":65,"column":4},"end":{"line":66,"column":null}},"37":{"start":{"line":66,"column":6},"end":{"line":66,"column":null}},"38":{"start":{"line":67,"column":4},"end":{"line":68,"column":null}},"39":{"start":{"line":68,"column":6},"end":{"line":68,"column":null}},"40":{"start":{"line":69,"column":4},"end":{"line":70,"column":null}},"41":{"start":{"line":70,"column":6},"end":{"line":70,"column":null}},"42":{"start":{"line":72,"column":4},"end":{"line":74,"column":5}},"43":{"start":{"line":73,"column":6},"end":{"line":73,"column":null}},"44":{"start":{"line":77,"column":4},"end":{"line":79,"column":5}},"45":{"start":{"line":78,"column":6},"end":{"line":78,"column":null}},"46":{"start":{"line":81,"column":4},"end":{"line":84,"column":5}},"47":{"start":{"line":82,"column":6},"end":{"line":82,"column":null}},"48":{"start":{"line":83,"column":6},"end":{"line":83,"column":12}},"49":{"start":{"line":86,"column":24},"end":{"line":89,"column":6}},"50":{"start":{"line":91,"column":4},"end":{"line":91,"column":null}},"51":{"start":{"line":94,"column":6},"end":{"line":94,"column":74}},"52":{"start":{"line":95,"column":4},"end":{"line":97,"column":null}},"53":{"start":{"line":47,"column":13},"end":{"line":47,"column":26}},"54":{"start":{"line":102,"column":26},"end":{"line":126,"column":null}},"55":{"start":{"line":105,"column":19},"end":{"line":126,"column":null}},"56":{"start":{"line":106,"column":17},"end":{"line":106,"column":30}},"57":{"start":{"line":108,"column":2},"end":{"line":125,"column":3}},"58":{"start":{"line":109,"column":17},"end":{"line":109,"column":72}},"59":{"start":{"line":111,"column":4},"end":{"line":114,"column":5}},"60":{"start":{"line":112,"column":6},"end":{"line":112,"column":null}},"61":{"start":{"line":113,"column":6},"end":{"line":113,"column":12}},"62":{"start":{"line":116,"column":4},"end":{"line":116,"column":null}},"63":{"start":{"line":118,"column":4},"end":{"line":118,"column":null}},"64":{"start":{"line":121,"column":6},"end":{"line":121,"column":74}},"65":{"start":{"line":122,"column":4},"end":{"line":124,"column":null}},"66":{"start":{"line":102,"column":13},"end":{"line":102,"column":26}}},"fnMap":{"0":{"name":"(anonymous_8)","decl":{"start":{"line":6,"column":24},"end":{"line":6,"column":31}},"loc":{"start":{"line":6,"column":77},"end":{"line":17,"column":null}}},"1":{"name":"(anonymous_9)","decl":{"start":{"line":6,"column":77},"end":{"line":6,"column":null}},"loc":{"start":{"line":6,"column":77},"end":{"line":17,"column":1}}},"2":{"name":"(anonymous_10)","decl":{"start":{"line":20,"column":27},"end":{"line":20,"column":null}},"loc":{"start":{"line":23,"column":19},"end":{"line":44,"column":null}}},"3":{"name":"(anonymous_11)","decl":{"start":{"line":23,"column":19},"end":{"line":23,"column":null}},"loc":{"start":{"line":23,"column":19},"end":{"line":44,"column":1}}},"4":{"name":"(anonymous_12)","decl":{"start":{"line":47,"column":26},"end":{"line":47,"column":null}},"loc":{"start":{"line":50,"column":19},"end":{"line":99,"column":null}}},"5":{"name":"(anonymous_13)","decl":{"start":{"line":50,"column":19},"end":{"line":50,"column":null}},"loc":{"start":{"line":50,"column":19},"end":{"line":99,"column":1}}},"6":{"name":"(anonymous_14)","decl":{"start":{"line":102,"column":26},"end":{"line":102,"column":null}},"loc":{"start":{"line":105,"column":19},"end":{"line":126,"column":null}}},"7":{"name":"(anonymous_15)","decl":{"start":{"line":105,"column":19},"end":{"line":105,"column":null}},"loc":{"start":{"line":105,"column":19},"end":{"line":126,"column":1}}}},"branchMap":{"0":{"loc":{"start":{"line":12,"column":6},"end":{"line":12,"column":74}},"type":"cond-expr","locations":[{"start":{"line":12,"column":31},"end":{"line":12,"column":44}},{"start":{"line":12,"column":47},"end":{"line":12,"column":74}}]},"1":{"loc":{"start":{"line":31,"column":4},"end":{"line":34,"column":5}},"type":"if","locations":[{"start":{"line":31,"column":4},"end":{"line":34,"column":5}}]},"2":{"loc":{"start":{"line":39,"column":6},"end":{"line":39,"column":74}},"type":"cond-expr","locations":[{"start":{"line":39,"column":31},"end":{"line":39,"column":44}},{"start":{"line":39,"column":47},"end":{"line":39,"column":74}}]},"3":{"loc":{"start":{"line":57,"column":4},"end":{"line":58,"column":null}},"type":"if","locations":[{"start":{"line":57,"column":4},"end":{"line":58,"column":null}}]},"4":{"loc":{"start":{"line":59,"column":4},"end":{"line":60,"column":null}},"type":"if","locations":[{"start":{"line":59,"column":4},"end":{"line":60,"column":null}}]},"5":{"loc":{"start":{"line":61,"column":4},"end":{"line":62,"column":null}},"type":"if","locations":[{"start":{"line":61,"column":4},"end":{"line":62,"column":null}}]},"6":{"loc":{"start":{"line":63,"column":4},"end":{"line":64,"column":null}},"type":"if","locations":[{"start":{"line":63,"column":4},"end":{"line":64,"column":null}}]},"7":{"loc":{"start":{"line":65,"column":4},"end":{"line":66,"column":null}},"type":"if","locations":[{"start":{"line":65,"column":4},"end":{"line":66,"column":null}}]},"8":{"loc":{"start":{"line":67,"column":4},"end":{"line":68,"column":null}},"type":"if","locations":[{"start":{"line":67,"column":4},"end":{"line":68,"column":null}}]},"9":{"loc":{"start":{"line":69,"column":4},"end":{"line":70,"column":null}},"type":"if","locations":[{"start":{"line":69,"column":4},"end":{"line":70,"column":null}}]},"10":{"loc":{"start":{"line":70,"column":32},"end":{"line":70,"column":61}},"type":"cond-expr","locations":[{"start":{"line":70,"column":53},"end":{"line":70,"column":57}},{"start":{"line":70,"column":57},"end":{"line":70,"column":61}}]},"11":{"loc":{"start":{"line":70,"column":32},"end":{"line":70,"column":57}},"type":"binary-expr","locations":[{"start":{"line":70,"column":32},"end":{"line":70,"column":57}},{"start":{"line":70,"column":53},"end":{"line":70,"column":57}}]},"12":{"loc":{"start":{"line":72,"column":4},"end":{"line":74,"column":5}},"type":"if","locations":[{"start":{"line":72,"column":4},"end":{"line":74,"column":5}}]},"13":{"loc":{"start":{"line":77,"column":4},"end":{"line":79,"column":5}},"type":"if","locations":[{"start":{"line":77,"column":4},"end":{"line":79,"column":5}}]},"14":{"loc":{"start":{"line":81,"column":4},"end":{"line":84,"column":5}},"type":"if","locations":[{"start":{"line":81,"column":4},"end":{"line":84,"column":5}}]},"15":{"loc":{"start":{"line":94,"column":6},"end":{"line":94,"column":74}},"type":"cond-expr","locations":[{"start":{"line":94,"column":31},"end":{"line":94,"column":44}},{"start":{"line":94,"column":47},"end":{"line":94,"column":74}}]},"16":{"loc":{"start":{"line":111,"column":4},"end":{"line":114,"column":5}},"type":"if","locations":[{"start":{"line":111,"column":4},"end":{"line":114,"column":5}}]},"17":{"loc":{"start":{"line":121,"column":6},"end":{"line":121,"column":74}},"type":"cond-expr","locations":[{"start":{"line":121,"column":31},"end":{"line":121,"column":44}},{"start":{"line":121,"column":47},"end":{"line":121,"column":74}}]}},"s":{"0":0,"1":0,"2":0,"3":0,"4":0,"5":0,"6":0,"7":0,"8":0,"9":0,"10":0,"11":0,"12":0,"13":0,"14":0,"15":0,"16":0,"17":0,"18":0,"19":0,"20":0,"21":0,"22":0,"23":0,"24":0,"25":0,"26":0,"27":0,"28":0,"29":0,"30":0,"31":0,"32":0,"33":0,"34":0,"35":0,"36":0,"37":0,"38":0,"39":0,"40":0,"41":0,"42":0,"43":0,"44":0,"45":0,"46":0,"47":0,"48":0,"49":0,"50":0,"51":0,"52":0,"53":0,"54":0,"55":0,"56":0,"57":0,"58":0,"59":0,"60":0,"61":0,"62":0,"63":0,"64":0,"65":0,"66":0},"f":{"0":0,"1":0,"2":0,"3":0,"4":0,"5":0,"6":0,"7":0},"b":{"0":[0,0],"1":[0],"2":[0,0],"3":[0],"4":[0],"5":[0],"6":[0],"7":[0],"8":[0],"9":[0],"10":[0,0],"11":[0,0],"12":[0],"13":[0],"14":[0],"15":[0,0],"16":[0],"17":[0,0]}}
,"C:\\Users\\seiya\\OneDrive\\Documents\\Github\\SkillDraft\\Backend\\src\\controllers\\user.controller.ts": {"path":"C:\\Users\\seiya\\OneDrive\\Documents\\Github\\SkillDraft\\Backend\\src\\controllers\\user.controller.ts","statementMap":{"0":{"start":{"line":2,"column":0},"end":{"line":2,"column":34}},"1":{"start":{"line":3,"column":0},"end":{"line":3,"column":29}},"2":{"start":{"line":4,"column":0},"end":{"line":4,"column":65}},"3":{"start":{"line":7,"column":24},"end":{"line":18,"column":null}},"4":{"start":{"line":7,"column":77},"end":{"line":18,"column":null}},"5":{"start":{"line":8,"column":2},"end":{"line":17,"column":3}},"6":{"start":{"line":9,"column":18},"end":{"line":9,"column":46}},"7":{"start":{"line":10,"column":4},"end":{"line":10,"column":null}},"8":{"start":{"line":13,"column":6},"end":{"line":13,"column":74}},"9":{"start":{"line":14,"column":4},"end":{"line":16,"column":null}},"10":{"start":{"line":7,"column":13},"end":{"line":7,"column":24}},"11":{"start":{"line":21,"column":27},"end":{"line":42,"column":null}},"12":{"start":{"line":24,"column":19},"end":{"line":42,"column":null}},"13":{"start":{"line":25,"column":17},"end":{"line":25,"column":30}},"14":{"start":{"line":27,"column":2},"end":{"line":41,"column":3}},"15":{"start":{"line":28,"column":17},"end":{"line":32,"column":6}},"16":{"start":{"line":34,"column":4},"end":{"line":34,"column":null}},"17":{"start":{"line":37,"column":6},"end":{"line":37,"column":74}},"18":{"start":{"line":38,"column":4},"end":{"line":40,"column":null}},"19":{"start":{"line":21,"column":13},"end":{"line":21,"column":27}},"20":{"start":{"line":45,"column":26},"end":{"line":85,"column":null}},"21":{"start":{"line":45,"column":79},"end":{"line":85,"column":null}},"22":{"start":{"line":46,"column":17},"end":{"line":46,"column":30}},"23":{"start":{"line":47,"column":21},"end":{"line":47,"column":29}},"24":{"start":{"line":49,"column":2},"end":{"line":84,"column":3}},"25":{"start":{"line":50,"column":49},"end":{"line":50,"column":51}},"26":{"start":{"line":52,"column":4},"end":{"line":52,"column":null}},"27":{"start":{"line":52,"column":43},"end":{"line":52,"column":null}},"28":{"start":{"line":53,"column":4},"end":{"line":53,"column":null}},"29":{"start":{"line":53,"column":44},"end":{"line":53,"column":null}},"30":{"start":{"line":54,"column":4},"end":{"line":54,"column":null}},"31":{"start":{"line":54,"column":43},"end":{"line":54,"column":null}},"32":{"start":{"line":55,"column":4},"end":{"line":55,"column":null}},"33":{"start":{"line":55,"column":40},"end":{"line":55,"column":null}},"34":{"start":{"line":56,"column":4},"end":{"line":56,"column":null}},"35":{"start":{"line":56,"column":46},"end":{"line":56,"column":null}},"36":{"start":{"line":57,"column":4},"end":{"line":57,"column":null}},"37":{"start":{"line":57,"column":41},"end":{"line":57,"column":null}},"38":{"start":{"line":58,"column":4},"end":{"line":58,"column":null}},"39":{"start":{"line":58,"column":44},"end":{"line":58,"column":null}},"40":{"start":{"line":60,"column":4},"end":{"line":62,"column":5}},"41":{"start":{"line":61,"column":6},"end":{"line":61,"column":null}},"42":{"start":{"line":65,"column":4},"end":{"line":68,"column":5}},"43":{"start":{"line":66,"column":23},"end":{"line":66,"column":38}},"44":{"start":{"line":67,"column":6},"end":{"line":67,"column":null}},"45":{"start":{"line":70,"column":4},"end":{"line":73,"column":5}},"46":{"start":{"line":71,"column":6},"end":{"line":71,"column":null}},"47":{"start":{"line":72,"column":6},"end":{"line":72,"column":12}},"48":{"start":{"line":75,"column":24},"end":{"line":78,"column":6}},"49":{"start":{"line":80,"column":4},"end":{"line":80,"column":null}},"50":{"start":{"line":82,"column":25},"end":{"line":82,"column":93}},"51":{"start":{"line":83,"column":4},"end":{"line":83,"column":null}},"52":{"start":{"line":45,"column":13},"end":{"line":45,"column":26}},"53":{"start":{"line":88,"column":26},"end":{"line":108,"column":2}},"54":{"start":{"line":88,"column":79},"end":{"line":108,"column":2}},"55":{"start":{"line":89,"column":17},"end":{"line":89,"column":30}},"56":{"start":{"line":91,"column":2},"end":{"line":107,"column":3}},"57":{"start":{"line":93,"column":17},"end":{"line":93,"column":72}},"58":{"start":{"line":95,"column":4},"end":{"line":98,"column":5}},"59":{"start":{"line":96,"column":6},"end":{"line":96,"column":58}},"60":{"start":{"line":97,"column":6},"end":{"line":97,"column":13}},"61":{"start":{"line":101,"column":4},"end":{"line":101,"column":56}},"62":{"start":{"line":103,"column":4},"end":{"line":103,"column":55}},"63":{"start":{"line":105,"column":25},"end":{"line":105,"column":93}},"64":{"start":{"line":106,"column":4},"end":{"line":106,"column":84}},"65":{"start":{"line":88,"column":13},"end":{"line":88,"column":26}}},"fnMap":{"0":{"name":"(anonymous_8)","decl":{"start":{"line":7,"column":24},"end":{"line":7,"column":31}},"loc":{"start":{"line":7,"column":77},"end":{"line":18,"column":null}}},"1":{"name":"(anonymous_9)","decl":{"start":{"line":7,"column":77},"end":{"line":7,"column":null}},"loc":{"start":{"line":7,"column":77},"end":{"line":18,"column":1}}},"2":{"name":"(anonymous_10)","decl":{"start":{"line":21,"column":27},"end":{"line":21,"column":null}},"loc":{"start":{"line":24,"column":19},"end":{"line":42,"column":null}}},"3":{"name":"(anonymous_11)","decl":{"start":{"line":24,"column":19},"end":{"line":24,"column":null}},"loc":{"start":{"line":24,"column":19},"end":{"line":42,"column":1}}},"4":{"name":"(anonymous_12)","decl":{"start":{"line":45,"column":26},"end":{"line":45,"column":33}},"loc":{"start":{"line":45,"column":79},"end":{"line":85,"column":null}}},"5":{"name":"(anonymous_13)","decl":{"start":{"line":45,"column":79},"end":{"line":45,"column":null}},"loc":{"start":{"line":45,"column":79},"end":{"line":85,"column":1}}},"6":{"name":"(anonymous_14)","decl":{"start":{"line":88,"column":26},"end":{"line":88,"column":33}},"loc":{"start":{"line":88,"column":79},"end":{"line":108,"column":2}}},"7":{"name":"(anonymous_15)","decl":{"start":{"line":88,"column":79},"end":{"line":88,"column":null}},"loc":{"start":{"line":88,"column":79},"end":{"line":108,"column":1}}}},"branchMap":{"0":{"loc":{"start":{"line":13,"column":6},"end":{"line":13,"column":74}},"type":"cond-expr","locations":[{"start":{"line":13,"column":31},"end":{"line":13,"column":44}},{"start":{"line":13,"column":47},"end":{"line":13,"column":74}}]},"1":{"loc":{"start":{"line":37,"column":6},"end":{"line":37,"column":74}},"type":"cond-expr","locations":[{"start":{"line":37,"column":31},"end":{"line":37,"column":44}},{"start":{"line":37,"column":47},"end":{"line":37,"column":74}}]},"2":{"loc":{"start":{"line":52,"column":4},"end":{"line":52,"column":null}},"type":"if","locations":[{"start":{"line":52,"column":4},"end":{"line":52,"column":null}}]},"3":{"loc":{"start":{"line":53,"column":4},"end":{"line":53,"column":null}},"type":"if","locations":[{"start":{"line":53,"column":4},"end":{"line":53,"column":null}}]},"4":{"loc":{"start":{"line":54,"column":4},"end":{"line":54,"column":null}},"type":"if","locations":[{"start":{"line":54,"column":4},"end":{"line":54,"column":null}}]},"5":{"loc":{"start":{"line":55,"column":4},"end":{"line":55,"column":null}},"type":"if","locations":[{"start":{"line":55,"column":4},"end":{"line":55,"column":null}}]},"6":{"loc":{"start":{"line":56,"column":4},"end":{"line":56,"column":null}},"type":"if","locations":[{"start":{"line":56,"column":4},"end":{"line":56,"column":null}}]},"7":{"loc":{"start":{"line":57,"column":4},"end":{"line":57,"column":null}},"type":"if","locations":[{"start":{"line":57,"column":4},"end":{"line":57,"column":null}}]},"8":{"loc":{"start":{"line":57,"column":63},"end":{"line":57,"column":88}},"type":"cond-expr","locations":[{"start":{"line":57,"column":80},"end":{"line":57,"column":84}},{"start":{"line":57,"column":84},"end":{"line":57,"column":88}}]},"9":{"loc":{"start":{"line":57,"column":63},"end":{"line":57,"column":84}},"type":"binary-expr","locations":[{"start":{"line":57,"column":63},"end":{"line":57,"column":84}},{"start":{"line":57,"column":80},"end":{"line":57,"column":84}}]},"10":{"loc":{"start":{"line":58,"column":4},"end":{"line":58,"column":null}},"type":"if","locations":[{"start":{"line":58,"column":4},"end":{"line":58,"column":null}}]},"11":{"loc":{"start":{"line":60,"column":4},"end":{"line":62,"column":5}},"type":"if","locations":[{"start":{"line":60,"column":4},"end":{"line":62,"column":5}}]},"12":{"loc":{"start":{"line":65,"column":4},"end":{"line":68,"column":5}},"type":"if","locations":[{"start":{"line":65,"column":4},"end":{"line":68,"column":5}}]},"13":{"loc":{"start":{"line":70,"column":4},"end":{"line":73,"column":5}},"type":"if","locations":[{"start":{"line":70,"column":4},"end":{"line":73,"column":5}}]},"14":{"loc":{"start":{"line":82,"column":25},"end":{"line":82,"column":93}},"type":"cond-expr","locations":[{"start":{"line":82,"column":50},"end":{"line":82,"column":63}},{"start":{"line":82,"column":66},"end":{"line":82,"column":93}}]},"15":{"loc":{"start":{"line":95,"column":4},"end":{"line":98,"column":5}},"type":"if","locations":[{"start":{"line":95,"column":4},"end":{"line":98,"column":5}}]},"16":{"loc":{"start":{"line":105,"column":25},"end":{"line":105,"column":93}},"type":"cond-expr","locations":[{"start":{"line":105,"column":50},"end":{"line":105,"column":63}},{"start":{"line":105,"column":66},"end":{"line":105,"column":93}}]}},"s":{"0":0,"1":0,"2":0,"3":0,"4":0,"5":0,"6":0,"7":0,"8":0,"9":0,"10":0,"11":0,"12":0,"13":0,"14":0,"15":0,"16":0,"17":0,"18":0,"19":0,"20":0,"21":0,"22":0,"23":0,"24":0,"25":0,"26":0,"27":0,"28":0,"29":0,"30":0,"31":0,"32":0,"33":0,"34":0,"35":0,"36":0,"37":0,"38":0,"39":0,"40":0,"41":0,"42":0,"43":0,"44":0,"45":0,"46":0,"47":0,"48":0,"49":0,"50":0,"51":0,"52":0,"53":0,"54":0,"55":0,"56":0,"57":0,"58":0,"59":0,"60":0,"61":0,"62":0,"63":0,"64":0,"65":0},"f":{"0":0,"1":0,"2":0,"3":0,"4":0,"5":0,"6":0,"7":0},"b":{"0":[0,0],"1":[0,0],"2":[0],"3":[0],"4":[0],"5":[0],"6":[0],"7":[0],"8":[0,0],"9":[0,0],"10":[0],"11":[0],"12":[0],"13":[0],"14":[0,0],"15":[0],"16":[0,0]}}
,"C:\\Users\\seiya\\OneDrive\\Documents\\Github\\SkillDraft\\Backend\\src\\middleware\\auth.middleware.ts": {"path":"C:\\Users\\seiya\\OneDrive\\Documents\\Github\\SkillDraft\\Backend\\src\\middleware\\auth.middleware.ts","statementMap":{"0":{"start":{"line":2,"column":0},"end":{"line":2,"column":31}},"1":{"start":{"line":12,"column":26},"end":{"line":42,"column":1}},"2":{"start":{"line":14,"column":23},"end":{"line":14,"column":84}},"3":{"start":{"line":17,"column":2},"end":{"line":19,"column":3}},"4":{"start":{"line":18,"column":4},"end":{"line":18,"column":18}},"5":{"start":{"line":22,"column":16},"end":{"line":22,"column":59}},"6":{"start":{"line":25,"column":2},"end":{"line":27,"column":3}},"7":{"start":{"line":26,"column":4},"end":{"line":26,"column":73}},"8":{"start":{"line":30,"column":2},"end":{"line":41,"column":5}},"9":{"start":{"line":31,"column":4},"end":{"line":34,"column":5}},"10":{"start":{"line":33,"column":6},"end":{"line":33,"column":80}},"11":{"start":{"line":37,"column":4},"end":{"line":37,"column":20}},"12":{"start":{"line":40,"column":4},"end":{"line":40,"column":11}},"13":{"start":{"line":44,"column":0},"end":{"line":44,"column":33}}},"fnMap":{"0":{"name":"(anonymous_1)","decl":{"start":{"line":12,"column":26},"end":{"line":12,"column":27}},"loc":{"start":{"line":12,"column":78},"end":{"line":42,"column":1}}},"1":{"name":"(anonymous_2)","decl":{"start":{"line":30,"column":54},"end":{"line":30,"column":55}},"loc":{"start":{"line":30,"column":68},"end":{"line":41,"column":3}}}},"branchMap":{"0":{"loc":{"start":{"line":17,"column":2},"end":{"line":19,"column":3}},"type":"if","locations":[{"start":{"line":17,"column":2},"end":{"line":19,"column":3}}]},"1":{"loc":{"start":{"line":22,"column":16},"end":{"line":22,"column":59}},"type":"cond-expr","locations":[{"start":{"line":22,"column":44},"end":{"line":22,"column":46}},{"start":{"line":22,"column":44},"end":{"line":22,"column":59}}]},"2":{"loc":{"start":{"line":22,"column":16},"end":{"line":22,"column":46}},"type":"binary-expr","locations":[{"start":{"line":22,"column":16},"end":{"line":22,"column":46}},{"start":{"line":22,"column":44},"end":{"line":22,"column":46}}]},"3":{"loc":{"start":{"line":25,"column":2},"end":{"line":27,"column":3}},"type":"if","locations":[{"start":{"line":25,"column":2},"end":{"line":27,"column":3}}]},"4":{"loc":{"start":{"line":31,"column":4},"end":{"line":34,"column":5}},"type":"if","locations":[{"start":{"line":31,"column":4},"end":{"line":34,"column":5}}]}},"s":{"0":0,"1":0,"2":0,"3":0,"4":0,"5":0,"6":0,"7":0,"8":0,"9":0,"10":0,"11":0,"12":0,"13":0},"f":{"0":0,"1":0},"b":{"0":[0],"1":[0,0],"2":[0,0],"3":[0],"4":[0]}}
,"C:\\Users\\seiya\\OneDrive\\Documents\\Github\\SkillDraft\\Backend\\src\\middleware\\error.middleware.ts": {"path":"C:\\Users\\seiya\\OneDrive\\Documents\\Github\\SkillDraft\\Backend\\src\\middleware\\error.middleware.ts","statementMap":{"0":{"start":{"line":3,"column":21},"end":{"line":7,"column":1}},"1":{"start":{"line":4,"column":2},"end":{"line":4,"column":21}},"2":{"start":{"line":5,"column":21},"end":{"line":5,"column":42}},"3":{"start":{"line":6,"column":2},"end":{"line":6,"column":83}},"4":{"start":{"line":9,"column":9},"end":{"line":9,"column":21}}},"fnMap":{"0":{"name":"(anonymous_0)","decl":{"start":{"line":3,"column":21},"end":{"line":3,"column":22}},"loc":{"start":{"line":3,"column":83},"end":{"line":7,"column":1}}}},"branchMap":{"0":{"loc":{"start":{"line":5,"column":21},"end":{"line":5,"column":42}},"type":"binary-expr","locations":[{"start":{"line":5,"column":21},"end":{"line":5,"column":35}},{"start":{"line":5,"column":39},"end":{"line":5,"column":42}}]},"1":{"loc":{"start":{"line":6,"column":41},"end":{"line":6,"column":79}},"type":"binary-expr","locations":[{"start":{"line":6,"column":41},"end":{"line":6,"column":52}},{"start":{"line":6,"column":56},"end":{"line":6,"column":79}}]}},"s":{"0":0,"1":0,"2":0,"3":0,"4":0},"f":{"0":0},"b":{"0":[0,0],"1":[0,0]}}
,"C:\\Users\\seiya\\OneDrive\\Documents\\Github\\SkillDraft\\Backend\\src\\middleware\\logger.middleware.ts": {"path":"C:\\Users\\seiya\\OneDrive\\Documents\\Github\\SkillDraft\\Backend\\src\\middleware\\logger.middleware.ts","statementMap":{"0":{"start":{"line":1,"column":0},"end":{"line":1,"column":27}},"1":{"start":{"line":5,"column":0},"end":{"line":7,"column":null}},"2":{"start":{"line":6,"column":2},"end":{"line":6,"column":null}},"3":{"start":{"line":9,"column":0},"end":{"line":14,"column":null}},"4":{"start":{"line":10,"column":2},"end":{"line":12,"column":3}},"5":{"start":{"line":11,"column":4},"end":{"line":11,"column":null}},"6":{"start":{"line":13,"column":2},"end":{"line":13,"column":null}},"7":{"start":{"line":17,"column":21},"end":{"line":62,"column":1}},"8":{"start":{"line":18,"column":17},"end":{"line":18,"column":31}},"9":{"start":{"line":20,"column":4},"end":{"line":24,"column":18}},"10":{"start":{"line":27,"column":19},"end":{"line":27,"column":28}},"11":{"start":{"line":28,"column":17},"end":{"line":28,"column":24}},"12":{"start":{"line":29,"column":27},"end":{"line":29,"column":29}},"13":{"start":{"line":31,"column":2},"end":{"line":34,"column":null}},"14":{"start":{"line":32,"column":4},"end":{"line":32,"column":null}},"15":{"start":{"line":33,"column":4},"end":{"line":33,"column":null}},"16":{"start":{"line":36,"column":2},"end":{"line":44,"column":null}},"17":{"start":{"line":37,"column":4},"end":{"line":39,"column":5}},"18":{"start":{"line":38,"column":6},"end":{"line":38,"column":null}},"19":{"start":{"line":40,"column":25},"end":{"line":40,"column":63}},"20":{"start":{"line":41,"column":4},"end":{"line":41,"column":null}},"21":{"start":{"line":43,"column":4},"end":{"line":43,"column":null}},"22":{"start":{"line":46,"column":0},"end":{"line":61,"column":null}},"23":{"start":{"line":64,"column":13},"end":{"line":64,"column":null}}},"fnMap":{"0":{"name":"(anonymous_1)","decl":{"start":{"line":5,"column":26},"end":{"line":5,"column":29}},"loc":{"start":{"line":5,"column":31},"end":{"line":7,"column":1}}},"1":{"name":"(anonymous_2)","decl":{"start":{"line":9,"column":21},"end":{"line":9,"column":22}},"loc":{"start":{"line":9,"column":38},"end":{"line":14,"column":1}}},"2":{"name":"(anonymous_3)","decl":{"start":{"line":17,"column":21},"end":{"line":17,"column":22}},"loc":{"start":{"line":17,"column":65},"end":{"line":62,"column":1}}},"3":{"name":"(anonymous_4)","decl":{"start":{"line":31,"column":14},"end":{"line":31,"column":24}},"loc":{"start":{"line":31,"column":37},"end":{"line":34,"column":3}}},"4":{"name":"(anonymous_5)","decl":{"start":{"line":36,"column":12},"end":{"line":36,"column":22}},"loc":{"start":{"line":36,"column":35},"end":{"line":44,"column":3}}}},"branchMap":{"0":{"loc":{"start":{"line":10,"column":2},"end":{"line":12,"column":3}},"type":"if","locations":[{"start":{"line":10,"column":2},"end":{"line":12,"column":3}}]},"1":{"loc":{"start":{"line":10,"column":6},"end":{"line":10,"column":51}},"type":"binary-expr","locations":[{"start":{"line":10,"column":6},"end":{"line":10,"column":27}},{"start":{"line":10,"column":31},"end":{"line":10,"column":51}}]},"2":{"loc":{"start":{"line":20,"column":4},"end":{"line":24,"column":18}},"type":"cond-expr","locations":[{"start":{"line":21,"column":8},"end":{"line":21,"column":18}},{"start":{"line":22,"column":8},"end":{"line":24,"column":18}}]},"3":{"loc":{"start":{"line":22,"column":8},"end":{"line":24,"column":18}},"type":"cond-expr","locations":[{"start":{"line":23,"column":8},"end":{"line":23,"column":18}},{"start":{"line":24,"column":8},"end":{"line":24,"column":18}}]},"4":{"loc":{"start":{"line":37,"column":4},"end":{"line":39,"column":5}},"type":"if","locations":[{"start":{"line":37,"column":4},"end":{"line":39,"column":5}}]}},"s":{"0":0,"1":0,"2":0,"3":0,"4":0,"5":0,"6":0,"7":0,"8":0,"9":0,"10":0,"11":0,"12":0,"13":0,"14":0,"15":0,"16":0,"17":0,"18":0,"19":0,"20":0,"21":0,"22":0,"23":0},"f":{"0":0,"1":0,"2":0,"3":0,"4":0},"b":{"0":[0],"1":[0,0],"2":[0,0],"3":[0,0],"4":[0]}}
,"C:\\Users\\seiya\\OneDrive\\Documents\\Github\\SkillDraft\\Backend\\src\\middleware\\multer.ts": {"path":"C:\\Users\\seiya\\OneDrive\\Documents\\Github\\SkillDraft\\Backend\\src\\middleware\\multer.ts","statementMap":{"0":{"start":{"line":1,"column":0},"end":{"line":1,"column":27}},"1":{"start":{"line":2,"column":0},"end":{"line":2,"column":23}},"2":{"start":{"line":3,"column":0},"end":{"line":3,"column":19}},"3":{"start":{"line":5,"column":16},"end":{"line":16,"column":2}},"4":{"start":{"line":7,"column":22},"end":{"line":7,"column":59}},"5":{"start":{"line":8,"column":4},"end":{"line":8,"column":null}},"6":{"start":{"line":8,"column":35},"end":{"line":8,"column":null}},"7":{"start":{"line":9,"column":4},"end":{"line":9,"column":null}},"8":{"start":{"line":12,"column":25},"end":{"line":12,"column":75}},"9":{"start":{"line":13,"column":16},"end":{"line":13,"column":47}},"10":{"start":{"line":14,"column":4},"end":{"line":14,"column":null}},"11":{"start":{"line":18,"column":19},"end":{"line":25,"column":1}},"12":{"start":{"line":19,"column":23},"end":{"line":19,"column":77}},"13":{"start":{"line":20,"column":2},"end":{"line":24,"column":3}},"14":{"start":{"line":21,"column":4},"end":{"line":21,"column":null}},"15":{"start":{"line":23,"column":4},"end":{"line":23,"column":null}},"16":{"start":{"line":27,"column":13},"end":{"line":27,"column":null}},"17":{"start":{"line":30,"column":13},"end":{"line":30,"column":null}},"18":{"start":{"line":31,"column":13},"end":{"line":31,"column":null}},"19":{"start":{"line":32,"column":13},"end":{"line":32,"column":null}},"20":{"start":{"line":33,"column":13},"end":{"line":36,"column":null}},"21":{"start":{"line":37,"column":13},"end":{"line":39,"column":null}}},"fnMap":{"0":{"name":"(anonymous_1)","decl":{"start":{"line":6,"column":15},"end":{"line":6,"column":16}},"loc":{"start":{"line":6,"column":33},"end":{"line":10,"column":3}}},"1":{"name":"(anonymous_2)","decl":{"start":{"line":11,"column":12},"end":{"line":11,"column":13}},"loc":{"start":{"line":11,"column":30},"end":{"line":15,"column":3}}},"2":{"name":"(anonymous_3)","decl":{"start":{"line":18,"column":19},"end":{"line":18,"column":20}},"loc":{"start":{"line":18,"column":102},"end":{"line":25,"column":1}}}},"branchMap":{"0":{"loc":{"start":{"line":8,"column":4},"end":{"line":8,"column":null}},"type":"if","locations":[{"start":{"line":8,"column":4},"end":{"line":8,"column":null}}]},"1":{"loc":{"start":{"line":20,"column":2},"end":{"line":24,"column":3}},"type":"if","locations":[{"start":{"line":20,"column":2},"end":{"line":24,"column":3}},{"start":{"line":22,"column":9},"end":{"line":24,"column":3}}]}},"s":{"0":0,"1":0,"2":0,"3":0,"4":0,"5":0,"6":0,"7":0,"8":0,"9":0,"10":0,"11":0,"12":0,"13":0,"14":0,"15":0,"16":0,"17":0,"18":0,"19":0,"20":0,"21":0},"f":{"0":0,"1":0,"2":0},"b":{"0":[0],"1":[0,0]}}
,"C:\\Users\\seiya\\OneDrive\\Documents\\Github\\SkillDraft\\Backend\\src\\middleware\\validation.middleware.ts": {"path":"C:\\Users\\seiya\\OneDrive\\Documents\\Github\\SkillDraft\\Backend\\src\\middleware\\validation.middleware.ts","statementMap":{"0":{"start":{"line":3,"column":21},"end":{"line":10,"column":1}},"1":{"start":{"line":5,"column":30},"end":{"line":5,"column":38}},"2":{"start":{"line":6,"column":2},"end":{"line":8,"column":3}},"3":{"start":{"line":7,"column":4},"end":{"line":7,"column":80}},"4":{"start":{"line":9,"column":2},"end":{"line":9,"column":9}},"5":{"start":{"line":12,"column":9},"end":{"line":12,"column":21}}},"fnMap":{"0":{"name":"(anonymous_0)","decl":{"start":{"line":3,"column":21},"end":{"line":3,"column":22}},"loc":{"start":{"line":3,"column":73},"end":{"line":10,"column":1}}}},"branchMap":{"0":{"loc":{"start":{"line":6,"column":2},"end":{"line":8,"column":3}},"type":"if","locations":[{"start":{"line":6,"column":2},"end":{"line":8,"column":3}}]},"1":{"loc":{"start":{"line":6,"column":6},"end":{"line":6,"column":25}},"type":"binary-expr","locations":[{"start":{"line":6,"column":6},"end":{"line":6,"column":15}},{"start":{"line":6,"column":19},"end":{"line":6,"column":25}}]}},"s":{"0":0,"1":0,"2":0,"3":0,"4":0,"5":0},"f":{"0":0},"b":{"0":[0],"1":[0,0]}}
,"C:\\Users\\seiya\\OneDrive\\Documents\\Github\\SkillDraft\\Backend\\src\\routes\\auth.routes.ts": {"path":"C:\\Users\\seiya\\OneDrive\\Documents\\Github\\SkillDraft\\Backend\\src\\routes\\auth.routes.ts","statementMap":{"0":{"start":{"line":1,"column":0},"end":{"line":1,"column":48}},"1":{"start":{"line":2,"column":0},"end":{"line":2,"column":null}},"2":{"start":{"line":8,"column":19},"end":{"line":8,"column":27}},"3":{"start":{"line":10,"column":0},"end":{"line":10,"column":null}},"4":{"start":{"line":11,"column":0},"end":{"line":11,"column":null}},"5":{"start":{"line":12,"column":0},"end":{"line":12,"column":null}},"6":{"start":{"line":14,"column":0},"end":{"line":14,"column":null}}},"fnMap":{},"branchMap":{},"s":{"0":0,"1":0,"2":0,"3":0,"4":0,"5":0,"6":0},"f":{},"b":{}}
,"C:\\Users\\seiya\\OneDrive\\Documents\\Github\\SkillDraft\\Backend\\src\\routes\\convs.routes.ts": {"path":"C:\\Users\\seiya\\OneDrive\\Documents\\Github\\SkillDraft\\Backend\\src\\routes\\convs.routes.ts","statementMap":{"0":{"start":{"line":1,"column":0},"end":{"line":1,"column":48}},"1":{"start":{"line":3,"column":0},"end":{"line":3,"column":null}},"2":{"start":{"line":10,"column":20},"end":{"line":10,"column":28}},"3":{"start":{"line":12,"column":0},"end":{"line":12,"column":null}},"4":{"start":{"line":13,"column":0},"end":{"line":13,"column":null}},"5":{"start":{"line":14,"column":0},"end":{"line":14,"column":null}},"6":{"start":{"line":15,"column":0},"end":{"line":15,"column":null}},"7":{"start":{"line":16,"column":0},"end":{"line":16,"column":null}},"8":{"start":{"line":17,"column":0},"end":{"line":17,"column":null}},"9":{"start":{"line":19,"column":0},"end":{"line":19,"column":null}}},"fnMap":{},"branchMap":{},"s":{"0":0,"1":0,"2":0,"3":0,"4":0,"5":0,"6":0,"7":0,"8":0,"9":0},"f":{},"b":{}}
,"C:\\Users\\seiya\\OneDrive\\Documents\\Github\\SkillDraft\\Backend\\src\\routes\\feed.routes.ts": {"path":"C:\\Users\\seiya\\OneDrive\\Documents\\Github\\SkillDraft\\Backend\\src\\routes\\feed.routes.ts","statementMap":{"0":{"start":{"line":1,"column":0},"end":{"line":1,"column":32}},"1":{"start":{"line":2,"column":0},"end":{"line":2,"column":61}},"2":{"start":{"line":5,"column":19},"end":{"line":5,"column":27}},"3":{"start":{"line":7,"column":0},"end":{"line":7,"column":null}},"4":{"start":{"line":9,"column":0},"end":{"line":9,"column":null}}},"fnMap":{},"branchMap":{},"s":{"0":0,"1":0,"2":0,"3":0,"4":0},"f":{},"b":{}}
,"C:\\Users\\seiya\\OneDrive\\Documents\\Github\\SkillDraft\\Backend\\src\\routes\\follow.routes.ts": {"path":"C:\\Users\\seiya\\OneDrive\\Documents\\Github\\SkillDraft\\Backend\\src\\routes\\follow.routes.ts","statementMap":{"0":{"start":{"line":1,"column":0},"end":{"line":1,"column":48}},"1":{"start":{"line":2,"column":0},"end":{"line":2,"column":105}},"2":{"start":{"line":4,"column":21},"end":{"line":4,"column":29}},"3":{"start":{"line":6,"column":0},"end":{"line":6,"column":null}},"4":{"start":{"line":7,"column":0},"end":{"line":7,"column":null}},"5":{"start":{"line":8,"column":0},"end":{"line":8,"column":null}},"6":{"start":{"line":9,"column":0},"end":{"line":9,"column":null}},"7":{"start":{"line":11,"column":0},"end":{"line":11,"column":null}}},"fnMap":{},"branchMap":{},"s":{"0":0,"1":0,"2":0,"3":0,"4":0,"5":0,"6":0,"7":0},"f":{},"b":{}}
,"C:\\Users\\seiya\\OneDrive\\Documents\\Github\\SkillDraft\\Backend\\src\\routes\\index.ts": {"path":"C:\\Users\\seiya\\OneDrive\\Documents\\Github\\SkillDraft\\Backend\\src\\routes\\index.ts","statementMap":{"0":{"start":{"line":1,"column":0},"end":{"line":1,"column":32}},"1":{"start":{"line":2,"column":0},"end":{"line":2,"column":38}},"2":{"start":{"line":3,"column":0},"end":{"line":3,"column":39}},"3":{"start":{"line":4,"column":0},"end":{"line":4,"column":38}},"4":{"start":{"line":5,"column":0},"end":{"line":5,"column":39}},"5":{"start":{"line":6,"column":0},"end":{"line":6,"column":38}},"6":{"start":{"line":7,"column":0},"end":{"line":7,"column":40}},"7":{"start":{"line":8,"column":0},"end":{"line":8,"column":46}},"8":{"start":{"line":9,"column":0},"end":{"line":9,"column":42}},"9":{"start":{"line":11,"column":15},"end":{"line":11,"column":23}},"10":{"start":{"line":14,"column":0},"end":{"line":14,"column":null}},"11":{"start":{"line":15,"column":0},"end":{"line":15,"column":null}},"12":{"start":{"line":16,"column":0},"end":{"line":16,"column":null}},"13":{"start":{"line":17,"column":0},"end":{"line":17,"column":null}},"14":{"start":{"line":18,"column":0},"end":{"line":18,"column":null}},"15":{"start":{"line":19,"column":0},"end":{"line":19,"column":null}},"16":{"start":{"line":20,"column":0},"end":{"line":20,"column":null}},"17":{"start":{"line":21,"column":0},"end":{"line":21,"column":null}},"18":{"start":{"line":23,"column":0},"end":{"line":23,"column":null}}},"fnMap":{},"branchMap":{},"s":{"0":0,"1":0,"2":0,"3":0,"4":0,"5":0,"6":0,"7":0,"8":0,"9":0,"10":0,"11":0,"12":0,"13":0,"14":0,"15":0,"16":0,"17":0,"18":0},"f":{},"b":{}}
,"C:\\Users\\seiya\\OneDrive\\Documents\\Github\\SkillDraft\\Backend\\src\\routes\\messages.routes.ts": {"path":"C:\\Users\\seiya\\OneDrive\\Documents\\Github\\SkillDraft\\Backend\\src\\routes\\messages.routes.ts","statementMap":{"0":{"start":{"line":1,"column":0},"end":{"line":1,"column":48}},"1":{"start":{"line":2,"column":0},"end":{"line":2,"column":116}},"2":{"start":{"line":5,"column":23},"end":{"line":5,"column":31}},"3":{"start":{"line":7,"column":0},"end":{"line":7,"column":null}},"4":{"start":{"line":8,"column":0},"end":{"line":8,"column":null}},"5":{"start":{"line":9,"column":0},"end":{"line":9,"column":null}},"6":{"start":{"line":10,"column":0},"end":{"line":10,"column":null}},"7":{"start":{"line":12,"column":0},"end":{"line":12,"column":null}}},"fnMap":{},"branchMap":{},"s":{"0":0,"1":0,"2":0,"3":0,"4":0,"5":0,"6":0,"7":0},"f":{},"b":{}}
,"C:\\Users\\seiya\\OneDrive\\Documents\\Github\\SkillDraft\\Backend\\src\\routes\\posts.routes.ts": {"path":"C:\\Users\\seiya\\OneDrive\\Documents\\Github\\SkillDraft\\Backend\\src\\routes\\posts.routes.ts","statementMap":{"0":{"start":{"line":1,"column":0},"end":{"line":1,"column":32}},"1":{"start":{"line":2,"column":0},"end":{"line":2,"column":111}},"2":{"start":{"line":3,"column":0},"end":{"line":3,"column":66}},"3":{"start":{"line":6,"column":19},"end":{"line":6,"column":27}},"4":{"start":{"line":8,"column":0},"end":{"line":8,"column":null}},"5":{"start":{"line":9,"column":0},"end":{"line":9,"column":null}},"6":{"start":{"line":10,"column":0},"end":{"line":10,"column":null}},"7":{"start":{"line":11,"column":0},"end":{"line":11,"column":null}},"8":{"start":{"line":12,"column":0},"end":{"line":12,"column":null}},"9":{"start":{"line":14,"column":0},"end":{"line":14,"column":null}}},"fnMap":{},"branchMap":{},"s":{"0":0,"1":0,"2":0,"3":0,"4":0,"5":0,"6":0,"7":0,"8":0,"9":0},"f":{},"b":{}}
,"C:\\Users\\seiya\\OneDrive\\Documents\\Github\\SkillDraft\\Backend\\src\\routes\\teams.routes.ts": {"path":"C:\\Users\\seiya\\OneDrive\\Documents\\Github\\SkillDraft\\Backend\\src\\routes\\teams.routes.ts","statementMap":{"0":{"start":{"line":1,"column":0},"end":{"line":1,"column":32}},"1":{"start":{"line":2,"column":0},"end":{"line":2,"column":null}},"2":{"start":{"line":8,"column":0},"end":{"line":8,"column":51}},"3":{"start":{"line":10,"column":19},"end":{"line":10,"column":27}},"4":{"start":{"line":12,"column":0},"end":{"line":12,"column":null}},"5":{"start":{"line":13,"column":0},"end":{"line":13,"column":null}},"6":{"start":{"line":14,"column":0},"end":{"line":14,"column":null}},"7":{"start":{"line":15,"column":0},"end":{"line":15,"column":null}},"8":{"start":{"line":17,"column":0},"end":{"line":17,"column":null}}},"fnMap":{},"branchMap":{},"s":{"0":0,"1":0,"2":0,"3":0,"4":0,"5":0,"6":0,"7":0,"8":0},"f":{},"b":{}}
,"C:\\Users\\seiya\\OneDrive\\Documents\\Github\\SkillDraft\\Backend\\src\\routes\\user.routes.ts": {"path":"C:\\Users\\seiya\\OneDrive\\Documents\\Github\\SkillDraft\\Backend\\src\\routes\\user.routes.ts","statementMap":{"0":{"start":{"line":1,"column":0},"end":{"line":1,"column":32}},"1":{"start":{"line":2,"column":0},"end":{"line":2,"column":null}},"2":{"start":{"line":8,"column":0},"end":{"line":8,"column":51}},"3":{"start":{"line":10,"column":19},"end":{"line":10,"column":27}},"4":{"start":{"line":12,"column":0},"end":{"line":12,"column":null}},"5":{"start":{"line":13,"column":0},"end":{"line":13,"column":null}},"6":{"start":{"line":14,"column":0},"end":{"line":14,"column":null}},"7":{"start":{"line":15,"column":0},"end":{"line":15,"column":null}},"8":{"start":{"line":17,"column":0},"end":{"line":17,"column":null}}},"fnMap":{},"branchMap":{},"s":{"0":0,"1":0,"2":0,"3":0,"4":0,"5":0,"6":0,"7":0,"8":0},"f":{},"b":{}}
}
