TN:
SF:src\controllers\auth.controller.ts
FN:7,(anonymous_9)
FN:7,(anonymous_10)
FN:49,(anonymous_11)
FN:49,(anonymous_12)
FN:114,(anonymous_13)
FN:114,(anonymous_14)
FNF:6
FNH:6
FNDA:5,(anonymous_9)
FNDA:5,(anonymous_10)
FNDA:8,(anonymous_11)
FNDA:8,(anonymous_12)
FNDA:5,(anonymous_13)
FNDA:5,(anonymous_14)
DA:2,1
DA:3,1
DA:4,1
DA:7,5
DA:8,5
DA:9,5
DA:11,5
DA:12,1
DA:15,4
DA:16,4
DA:18,4
DA:19,1
DA:21,3
DA:24,3
DA:25,1
DA:30,2
DA:38,2
DA:41,1
DA:42,1
DA:49,8
DA:50,8
DA:51,8
DA:53,8
DA:54,2
DA:55,1
DA:59,6
DA:60,5
DA:61,1
DA:66,1
DA:69,5
DA:70,5
DA:72,5
DA:73,1
DA:77,4
DA:84,4
DA:85,1
DA:90,3
DA:91,3
DA:92,1
DA:95,2
DA:103,2
DA:106,1
DA:107,1
DA:114,5
DA:115,5
DA:116,5
DA:118,5
DA:119,1
DA:124,4
DA:125,4
DA:126,4
DA:127,1
DA:133,3
DA:140,4
DA:141,1
DA:149,3
DA:150,2
DA:152,2
DA:153,1
DA:164,1
DA:176,2
DA:179,1
DA:180,1
LF:63
LH:63
BRDA:11,0,0,1
BRDA:18,1,0,1
BRDA:18,1,1,3
BRDA:24,2,0,1
BRDA:27,3,0,1
BRDA:27,3,1,0
BRDA:31,4,0,2
BRDA:31,4,1,0
BRDA:41,5,0,1
BRDA:41,5,1,0
BRDA:53,6,0,2
BRDA:53,6,1,6
BRDA:54,7,0,1
BRDA:54,8,0,2
BRDA:54,8,1,2
BRDA:54,8,2,2
BRDA:59,9,0,5
BRDA:59,9,1,1
BRDA:60,10,0,1
BRDA:60,11,0,5
BRDA:60,11,1,5
BRDA:72,12,0,1
BRDA:72,12,1,4
BRDA:84,13,0,1
BRDA:87,14,0,1
BRDA:87,14,1,0
BRDA:91,15,0,1
BRDA:96,16,0,2
BRDA:96,16,1,0
BRDA:106,17,0,1
BRDA:106,17,1,0
BRDA:118,18,0,1
BRDA:118,19,0,5
BRDA:118,19,1,5
BRDA:126,20,0,1
BRDA:126,20,1,3
BRDA:140,21,0,1
BRDA:143,22,0,1
BRDA:143,22,1,0
BRDA:152,23,0,1
BRDA:152,23,1,1
BRDA:179,24,0,1
BRDA:179,24,1,0
BRF:43
BRH:35
end_of_record
TN:
SF:src\controllers\convs.controller.ts
FN:5,(anonymous_7)
FN:5,(anonymous_8)
FN:36,(anonymous_9)
FN:36,(anonymous_10)
FN:52,(anonymous_11)
FN:52,(anonymous_12)
FN:72,(anonymous_13)
FN:72,(anonymous_14)
FN:85,(anonymous_15)
FN:85,(anonymous_16)
FN:109,(anonymous_17)
FN:109,(anonymous_18)
FNF:12
FNH:0
FNDA:0,(anonymous_7)
FNDA:0,(anonymous_8)
FNDA:0,(anonymous_9)
FNDA:0,(anonymous_10)
FNDA:0,(anonymous_11)
FNDA:0,(anonymous_12)
FNDA:0,(anonymous_13)
FNDA:0,(anonymous_14)
FNDA:0,(anonymous_15)
FNDA:0,(anonymous_16)
FNDA:0,(anonymous_17)
FNDA:0,(anonymous_18)
DA:2,0
DA:5,0
DA:6,0
DA:8,0
DA:19,0
DA:20,0
DA:23,0
DA:32,0
DA:36,0
DA:37,0
DA:39,0
DA:48,0
DA:52,0
DA:53,0
DA:55,0
DA:64,0
DA:65,0
DA:68,0
DA:72,0
DA:73,0
DA:75,0
DA:81,0
DA:85,0
DA:86,0
DA:87,0
DA:89,0
DA:101,0
DA:102,0
DA:105,0
DA:109,0
DA:110,0
DA:112,0
DA:118,0
DA:119,0
DA:122,0
LF:35
LH:0
BRDA:19,0,0,0
BRDA:64,1,0,0
BRDA:101,2,0,0
BRDA:118,3,0,0
BRF:4
BRH:0
end_of_record
TN:
SF:src\controllers\feed.controller.ts
FN:5,(anonymous_7)
FN:5,(anonymous_8)
FN:15,(anonymous_9)
FN:37,(anonymous_10)
FN:37,(anonymous_11)
FN:39,(anonymous_12)
FN:41,(anonymous_13)
FNF:7
FNH:0
FNDA:0,(anonymous_7)
FNDA:0,(anonymous_8)
FNDA:0,(anonymous_9)
FNDA:0,(anonymous_10)
FNDA:0,(anonymous_11)
FNDA:0,(anonymous_12)
FNDA:0,(anonymous_13)
DA:2,0
DA:5,0
DA:6,0
DA:7,0
DA:8,0
DA:10,0
DA:15,0
DA:16,0
DA:19,0
DA:30,0
DA:37,0
DA:39,0
DA:41,0
DA:42,0
DA:43,0
DA:45,0
LF:16
LH:0
BRDA:8,0,0,0
BRDA:8,0,1,0
BRDA:41,1,0,0
BRDA:41,1,1,0
BRDA:43,2,0,0
BRDA:43,2,1,0
BRF:6
BRH:0
end_of_record
TN:
SF:src\controllers\fileUpload.controller.ts
FN:3,(anonymous_0)
FNF:1
FNH:0
FNDA:0,(anonymous_0)
DA:3,0
DA:4,0
DA:5,0
DA:9,0
DA:11,0
LF:5
LH:0
BRDA:4,0,0,0
BRF:1
BRH:0
end_of_record
TN:
SF:src\controllers\follow.controller.ts
FN:5,(anonymous_7)
FN:8,(anonymous_8)
FN:41,(anonymous_9)
FN:44,(anonymous_10)
FN:67,(anonymous_11)
FN:70,(anonymous_12)
FN:93,(anonymous_13)
FN:96,(anonymous_14)
FNF:8
FNH:0
FNDA:0,(anonymous_7)
FNDA:0,(anonymous_8)
FNDA:0,(anonymous_9)
FNDA:0,(anonymous_10)
FNDA:0,(anonymous_11)
FNDA:0,(anonymous_12)
FNDA:0,(anonymous_13)
FNDA:0,(anonymous_14)
DA:2,0
DA:5,0
DA:8,0
DA:9,0
DA:11,0
DA:12,0
DA:19,0
DA:20,0
DA:21,0
DA:24,0
DA:30,0
DA:33,0
DA:34,0
DA:41,0
DA:44,0
DA:45,0
DA:47,0
DA:48,0
DA:56,0
DA:59,0
DA:60,0
DA:67,0
DA:70,0
DA:71,0
DA:73,0
DA:74,0
DA:82,0
DA:85,0
DA:86,0
DA:93,0
DA:96,0
DA:97,0
DA:99,0
DA:100,0
DA:106,0
DA:109,0
DA:110,0
LF:37
LH:0
BRDA:19,0,0,0
BRDA:33,1,0,0
BRDA:33,1,1,0
BRDA:59,2,0,0
BRDA:59,2,1,0
BRDA:85,3,0,0
BRDA:85,3,1,0
BRDA:109,4,0,0
BRDA:109,4,1,0
BRF:9
BRH:0
end_of_record
TN:
SF:src\controllers\messages.controller.ts
FN:5,(anonymous_7)
FN:5,(anonymous_8)
FN:55,(anonymous_9)
FN:55,(anonymous_10)
FN:82,(anonymous_11)
FN:82,(anonymous_12)
FN:110,(anonymous_13)
FN:110,(anonymous_14)
FNF:8
FNH:0
FNDA:0,(anonymous_7)
FNDA:0,(anonymous_8)
FNDA:0,(anonymous_9)
FNDA:0,(anonymous_10)
FNDA:0,(anonymous_11)
FNDA:0,(anonymous_12)
FNDA:0,(anonymous_13)
FNDA:0,(anonymous_14)
DA:2,0
DA:5,0
DA:6,0
DA:7,0
DA:9,0
DA:10,0
DA:15,0
DA:16,0
DA:25,0
DA:44,0
DA:47,0
DA:48,0
DA:55,0
DA:56,0
DA:58,0
DA:59,0
DA:71,0
DA:74,0
DA:75,0
DA:82,0
DA:83,0
DA:85,0
DA:86,0
DA:95,0
DA:96,0
DA:99,0
DA:102,0
DA:103,0
DA:110,0
DA:111,0
DA:113,0
DA:114,0
DA:120,0
DA:123,0
DA:124,0
LF:35
LH:0
BRDA:9,0,0,0
BRDA:9,1,0,0
BRDA:9,1,1,0
BRDA:47,2,0,0
BRDA:47,2,1,0
BRDA:74,3,0,0
BRDA:74,3,1,0
BRDA:95,4,0,0
BRDA:102,5,0,0
BRDA:102,5,1,0
BRDA:123,6,0,0
BRDA:123,6,1,0
BRF:12
BRH:0
end_of_record
TN:
SF:src\controllers\posts.controller.ts
FN:5,(anonymous_7)
FN:5,(anonymous_8)
FN:21,(anonymous_9)
FN:21,(anonymous_10)
FN:54,(anonymous_11)
FN:57,(anonymous_12)
FN:83,(anonymous_13)
FN:83,(anonymous_14)
FN:91,(anonymous_15)
FN:133,(anonymous_16)
FN:133,(anonymous_17)
FNF:11
FNH:0
FNDA:0,(anonymous_7)
FNDA:0,(anonymous_8)
FNDA:0,(anonymous_9)
FNDA:0,(anonymous_10)
FNDA:0,(anonymous_11)
FNDA:0,(anonymous_12)
FNDA:0,(anonymous_13)
FNDA:0,(anonymous_14)
FNDA:0,(anonymous_15)
FNDA:0,(anonymous_16)
FNDA:0,(anonymous_17)
DA:2,0
DA:5,0
DA:6,0
DA:7,0
DA:8,0
DA:10,0
DA:13,0
DA:14,0
DA:21,0
DA:22,0
DA:24,0
DA:25,0
DA:29,0
DA:30,0
DA:31,0
DA:34,0
DA:38,0
DA:39,0
DA:40,0
DA:43,0
DA:46,0
DA:47,0
DA:54,0
DA:57,0
DA:58,0
DA:60,0
DA:62,0
DA:67,0
DA:72,0
DA:75,0
DA:76,0
DA:83,0
DA:84,0
DA:85,0
DA:87,0
DA:91,0
DA:93,0
DA:96,0
DA:97,0
DA:110,0
DA:111,0
DA:121,0
DA:122,0
DA:125,0
DA:127,0
DA:128,0
DA:133,0
DA:134,0
DA:136,0
DA:138,0
DA:139,0
DA:141,0
DA:142,0
DA:143,0
DA:147,0
DA:148,0
DA:150,0
DA:153,0
DA:155,0
DA:156,0
LF:60
LH:0
BRDA:13,0,0,0
BRDA:13,0,1,0
BRDA:29,1,0,0
BRDA:38,2,0,0
BRDA:46,3,0,0
BRDA:46,3,1,0
BRDA:75,4,0,0
BRDA:75,4,1,0
BRDA:91,5,0,0
BRDA:91,5,1,0
BRDA:91,6,0,0
BRDA:91,6,1,0
BRDA:91,7,0,0
BRDA:91,7,1,0
BRDA:91,8,0,0
BRDA:91,8,1,0
BRDA:91,9,0,0
BRDA:91,9,1,0
BRDA:96,10,0,0
BRDA:96,10,1,0
BRDA:110,11,0,0
BRDA:110,11,1,0
BRDA:127,12,0,0
BRDA:127,12,1,0
BRDA:141,13,0,0
BRDA:141,14,0,0
BRDA:141,14,1,0
BRDA:147,15,0,0
BRDA:147,15,1,0
BRDA:155,16,0,0
BRDA:155,16,1,0
BRF:31
BRH:0
end_of_record
TN:
SF:src\controllers\team.controller.ts
FN:6,(anonymous_8)
FN:6,(anonymous_9)
FN:20,(anonymous_10)
FN:23,(anonymous_11)
FN:47,(anonymous_12)
FN:50,(anonymous_13)
FN:102,(anonymous_14)
FN:105,(anonymous_15)
FNF:8
FNH:0
FNDA:0,(anonymous_8)
FNDA:0,(anonymous_9)
FNDA:0,(anonymous_10)
FNDA:0,(anonymous_11)
FNDA:0,(anonymous_12)
FNDA:0,(anonymous_13)
FNDA:0,(anonymous_14)
FNDA:0,(anonymous_15)
DA:2,0
DA:3,0
DA:6,0
DA:7,0
DA:8,0
DA:9,0
DA:12,0
DA:13,0
DA:20,0
DA:23,0
DA:24,0
DA:26,0
DA:27,0
DA:31,0
DA:32,0
DA:33,0
DA:36,0
DA:39,0
DA:40,0
DA:47,0
DA:50,0
DA:51,0
DA:52,0
DA:54,0
DA:55,0
DA:57,0
DA:58,0
DA:59,0
DA:60,0
DA:61,0
DA:62,0
DA:63,0
DA:64,0
DA:65,0
DA:66,0
DA:67,0
DA:68,0
DA:69,0
DA:70,0
DA:72,0
DA:73,0
DA:77,0
DA:78,0
DA:81,0
DA:82,0
DA:83,0
DA:86,0
DA:91,0
DA:94,0
DA:95,0
DA:102,0
DA:105,0
DA:106,0
DA:108,0
DA:109,0
DA:111,0
DA:112,0
DA:113,0
DA:116,0
DA:118,0
DA:121,0
DA:122,0
LF:62
LH:0
BRDA:12,0,0,0
BRDA:12,0,1,0
BRDA:31,1,0,0
BRDA:39,2,0,0
BRDA:39,2,1,0
BRDA:57,3,0,0
BRDA:59,4,0,0
BRDA:61,5,0,0
BRDA:63,6,0,0
BRDA:65,7,0,0
BRDA:67,8,0,0
BRDA:69,9,0,0
BRDA:70,10,0,0
BRDA:70,10,1,0
BRDA:70,11,0,0
BRDA:70,11,1,0
BRDA:72,12,0,0
BRDA:77,13,0,0
BRDA:81,14,0,0
BRDA:94,15,0,0
BRDA:94,15,1,0
BRDA:111,16,0,0
BRDA:121,17,0,0
BRDA:121,17,1,0
BRF:24
BRH:0
end_of_record
TN:
SF:src\controllers\user.controller.ts
FN:7,(anonymous_8)
FN:7,(anonymous_9)
FN:21,(anonymous_10)
FN:24,(anonymous_11)
FN:45,(anonymous_12)
FN:45,(anonymous_13)
FN:88,(anonymous_14)
FN:88,(anonymous_15)
FNF:8
FNH:0
FNDA:0,(anonymous_8)
FNDA:0,(anonymous_9)
FNDA:0,(anonymous_10)
FNDA:0,(anonymous_11)
FNDA:0,(anonymous_12)
FNDA:0,(anonymous_13)
FNDA:0,(anonymous_14)
FNDA:0,(anonymous_15)
DA:2,0
DA:3,0
DA:4,0
DA:7,0
DA:8,0
DA:9,0
DA:10,0
DA:13,0
DA:14,0
DA:21,0
DA:24,0
DA:25,0
DA:27,0
DA:28,0
DA:34,0
DA:37,0
DA:38,0
DA:45,0
DA:46,0
DA:47,0
DA:49,0
DA:50,0
DA:52,0
DA:53,0
DA:54,0
DA:55,0
DA:56,0
DA:57,0
DA:58,0
DA:60,0
DA:61,0
DA:65,0
DA:66,0
DA:67,0
DA:70,0
DA:71,0
DA:72,0
DA:75,0
DA:80,0
DA:82,0
DA:83,0
DA:88,0
DA:89,0
DA:91,0
DA:93,0
DA:95,0
DA:96,0
DA:97,0
DA:101,0
DA:103,0
DA:105,0
DA:106,0
LF:52
LH:0
BRDA:13,0,0,0
BRDA:13,0,1,0
BRDA:37,1,0,0
BRDA:37,1,1,0
BRDA:52,2,0,0
BRDA:53,3,0,0
BRDA:54,4,0,0
BRDA:55,5,0,0
BRDA:56,6,0,0
BRDA:57,7,0,0
BRDA:57,8,0,0
BRDA:57,8,1,0
BRDA:57,9,0,0
BRDA:57,9,1,0
BRDA:58,10,0,0
BRDA:60,11,0,0
BRDA:65,12,0,0
BRDA:70,13,0,0
BRDA:82,14,0,0
BRDA:82,14,1,0
BRDA:95,15,0,0
BRDA:105,16,0,0
BRDA:105,16,1,0
BRF:23
BRH:0
end_of_record
TN:
SF:src\middleware\auth.middleware.ts
FN:12,(anonymous_1)
FN:30,(anonymous_2)
FNF:2
FNH:0
FNDA:0,(anonymous_1)
FNDA:0,(anonymous_2)
DA:2,0
DA:12,0
DA:14,0
DA:17,0
DA:18,0
DA:22,0
DA:25,0
DA:26,0
DA:30,0
DA:31,0
DA:33,0
DA:37,0
DA:40,0
DA:44,0
LF:14
LH:0
BRDA:17,0,0,0
BRDA:22,1,0,0
BRDA:22,1,1,0
BRDA:22,2,0,0
BRDA:22,2,1,0
BRDA:25,3,0,0
BRDA:31,4,0,0
BRF:7
BRH:0
end_of_record
TN:
SF:src\middleware\error.middleware.ts
FN:3,(anonymous_0)
FNF:1
FNH:0
FNDA:0,(anonymous_0)
DA:3,0
DA:4,0
DA:5,0
DA:6,0
DA:9,0
LF:5
LH:0
BRDA:5,0,0,0
BRDA:5,0,1,0
BRDA:6,1,0,0
BRDA:6,1,1,0
BRF:4
BRH:0
end_of_record
TN:
SF:src\middleware\logger.middleware.ts
FN:5,(anonymous_1)
FN:9,(anonymous_2)
FN:17,(anonymous_3)
FN:31,(anonymous_4)
FN:36,(anonymous_5)
FNF:5
FNH:0
FNDA:0,(anonymous_1)
FNDA:0,(anonymous_2)
FNDA:0,(anonymous_3)
FNDA:0,(anonymous_4)
FNDA:0,(anonymous_5)
DA:1,0
DA:5,0
DA:6,0
DA:9,0
DA:10,0
DA:11,0
DA:13,0
DA:17,0
DA:18,0
DA:20,0
DA:27,0
DA:28,0
DA:29,0
DA:31,0
DA:32,0
DA:33,0
DA:36,0
DA:37,0
DA:38,0
DA:40,0
DA:41,0
DA:43,0
DA:46,0
DA:64,0
LF:24
LH:0
BRDA:10,0,0,0
BRDA:10,1,0,0
BRDA:10,1,1,0
BRDA:20,2,0,0
BRDA:20,2,1,0
BRDA:22,3,0,0
BRDA:22,3,1,0
BRDA:37,4,0,0
BRF:8
BRH:0
end_of_record
TN:
SF:src\middleware\multer.ts
FN:6,(anonymous_1)
FN:11,(anonymous_2)
FN:18,(anonymous_3)
FNF:3
FNH:0
FNDA:0,(anonymous_1)
FNDA:0,(anonymous_2)
FNDA:0,(anonymous_3)
DA:1,0
DA:2,0
DA:3,0
DA:5,0
DA:7,0
DA:8,0
DA:9,0
DA:12,0
DA:13,0
DA:14,0
DA:18,0
DA:19,0
DA:20,0
DA:21,0
DA:23,0
DA:27,0
DA:30,0
DA:31,0
DA:32,0
DA:33,0
DA:37,0
LF:21
LH:0
BRDA:8,0,0,0
BRDA:20,1,0,0
BRDA:20,1,1,0
BRF:3
BRH:0
end_of_record
TN:
SF:src\middleware\validation.middleware.ts
FN:3,(anonymous_0)
FNF:1
FNH:0
FNDA:0,(anonymous_0)
DA:3,0
DA:5,0
DA:6,0
DA:7,0
DA:9,0
DA:12,0
LF:6
LH:0
BRDA:6,0,0,0
BRDA:6,1,0,0
BRDA:6,1,1,0
BRF:3
BRH:0
end_of_record
TN:
SF:src\routes\auth.routes.ts
FNF:0
FNH:0
DA:1,0
DA:2,0
DA:8,0
DA:10,0
DA:11,0
DA:12,0
DA:14,0
LF:7
LH:0
BRF:0
BRH:0
end_of_record
TN:
SF:src\routes\convs.routes.ts
FNF:0
FNH:0
DA:1,0
DA:3,0
DA:10,0
DA:12,0
DA:13,0
DA:14,0
DA:15,0
DA:16,0
DA:17,0
DA:19,0
LF:10
LH:0
BRF:0
BRH:0
end_of_record
TN:
SF:src\routes\feed.routes.ts
FNF:0
FNH:0
DA:1,0
DA:2,0
DA:5,0
DA:7,0
DA:9,0
LF:5
LH:0
BRF:0
BRH:0
end_of_record
TN:
SF:src\routes\follow.routes.ts
FNF:0
FNH:0
DA:1,0
DA:2,0
DA:4,0
DA:6,0
DA:7,0
DA:8,0
DA:9,0
DA:11,0
LF:8
LH:0
BRF:0
BRH:0
end_of_record
TN:
SF:src\routes\index.ts
FNF:0
FNH:0
DA:1,0
DA:2,0
DA:3,0
DA:4,0
DA:5,0
DA:6,0
DA:7,0
DA:8,0
DA:9,0
DA:11,0
DA:14,0
DA:15,0
DA:16,0
DA:17,0
DA:18,0
DA:19,0
DA:20,0
DA:21,0
DA:23,0
LF:19
LH:0
BRF:0
BRH:0
end_of_record
TN:
SF:src\routes\messages.routes.ts
FNF:0
FNH:0
DA:1,0
DA:2,0
DA:5,0
DA:7,0
DA:8,0
DA:9,0
DA:10,0
DA:12,0
LF:8
LH:0
BRF:0
BRH:0
end_of_record
TN:
SF:src\routes\posts.routes.ts
FNF:0
FNH:0
DA:1,0
DA:2,0
DA:3,0
DA:6,0
DA:8,0
DA:9,0
DA:10,0
DA:11,0
DA:12,0
DA:14,0
LF:10
LH:0
BRF:0
BRH:0
end_of_record
TN:
SF:src\routes\teams.routes.ts
FNF:0
FNH:0
DA:1,0
DA:2,0
DA:8,0
DA:10,0
DA:12,0
DA:13,0
DA:14,0
DA:15,0
DA:17,0
LF:9
LH:0
BRF:0
BRH:0
end_of_record
TN:
SF:src\routes\user.routes.ts
FNF:0
FNH:0
DA:1,0
DA:2,0
DA:8,0
DA:10,0
DA:12,0
DA:13,0
DA:14,0
DA:15,0
DA:17,0
LF:9
LH:0
BRF:0
BRH:0
end_of_record
